2022-03-22 21:52:14,655 INFO RPC interface 'supervisor' initialized
2022-03-22 21:52:14,655 CRIT Server 'inet_http_server' running without any HTTP authentication checking
2022-03-22 21:52:14,658 INFO daemonizing the supervisord process
2022-03-22 21:52:14,659 CRIT could not write pidfile /var/run/supervisor.pid
2022-03-22 21:52:15,666 INFO spawned: 'AutoTrader' with pid 139937
2022-03-22 21:52:15,680 INFO exited: AutoTrader (exit status 127; not expected)
2022-03-22 21:52:16,684 INFO spawned: 'AutoTrader' with pid 139938
2022-03-22 21:52:16,688 INFO exited: AutoTrader (exit status 127; not expected)
2022-03-22 21:52:19,660 INFO spawned: 'AutoTrader' with pid 139940
2022-03-22 21:52:19,666 INFO exited: AutoTrader (exit status 127; not expected)
2022-03-22 21:52:22,687 INFO spawned: 'AutoTrader' with pid 139941
2022-03-22 21:52:22,701 INFO exited: AutoTrader (exit status 127; not expected)
2022-03-22 21:52:23,708 INFO gave up: AutoTrader entered FATAL state, too many start retries too quickly
2022-03-22 21:56:03,467 INFO RPC interface 'supervisor' initialized
2022-03-22 21:56:03,467 CRIT Server 'inet_http_server' running without any HTTP authentication checking
2022-03-22 21:56:03,468 INFO daemonizing the supervisord process
2022-03-22 21:56:03,469 CRIT could not write pidfile /var/run/supervisor.pid
2022-03-22 21:56:04,476 INFO spawned: 'AutoTrader' with pid 140381
2022-03-22 21:56:04,493 INFO exited: AutoTrader (exit status 127; not expected)
2022-03-22 21:56:05,500 INFO spawned: 'AutoTrader' with pid 140382
2022-03-22 21:56:05,504 INFO exited: AutoTrader (exit status 127; not expected)
2022-03-22 21:56:07,509 INFO spawned: 'AutoTrader' with pid 140383
2022-03-22 21:56:07,514 INFO exited: AutoTrader (exit status 127; not expected)
2022-03-22 21:56:10,735 INFO spawned: 'AutoTrader' with pid 140387
2022-03-22 21:56:10,740 INFO exited: AutoTrader (exit status 127; not expected)
2022-03-22 21:56:11,742 INFO gave up: AutoTrader entered FATAL state, too many start retries too quickly
2022-03-22 21:57:10,105 INFO RPC interface 'supervisor' initialized
2022-03-22 21:57:10,105 CRIT Server 'inet_http_server' running without any HTTP authentication checking
2022-03-22 21:57:10,107 INFO daemonizing the supervisord process
2022-03-22 21:57:10,107 INFO supervisord started with pid 140457
2022-03-22 21:57:11,114 INFO spawned: 'AutoTrader' with pid 140479
2022-03-22 21:57:11,132 INFO exited: AutoTrader (exit status 127; not expected)
2022-03-22 21:57:12,138 INFO spawned: 'AutoTrader' with pid 140480
2022-03-22 21:57:12,143 INFO exited: AutoTrader (exit status 127; not expected)
2022-03-22 21:57:14,151 INFO spawned: 'AutoTrader' with pid 140500
2022-03-22 21:57:14,155 INFO exited: AutoTrader (exit status 127; not expected)
2022-03-22 21:57:17,457 INFO spawned: 'AutoTrader' with pid 140502
2022-03-22 21:57:17,464 INFO exited: AutoTrader (exit status 127; not expected)
2022-03-22 21:57:18,465 INFO gave up: AutoTrader entered FATAL state, too many start retries too quickly
2022-03-22 22:00:18,441 INFO RPC interface 'supervisor' initialized
2022-03-22 22:00:18,441 CRIT Server 'inet_http_server' running without any HTTP authentication checking
2022-03-22 22:00:18,443 INFO daemonizing the supervisord process
2022-03-22 22:00:18,446 INFO supervisord started with pid 140593
2022-03-22 22:00:19,450 INFO spawned: 'AutoTrader' with pid 140612
2022-03-22 22:00:19,457 INFO exited: AutoTrader (exit status 127; not expected)
2022-03-22 22:00:20,463 INFO spawned: 'AutoTrader' with pid 140613
2022-03-22 22:00:20,470 INFO exited: AutoTrader (exit status 127; not expected)
2022-03-22 22:00:22,485 INFO spawned: 'AutoTrader' with pid 140614
2022-03-22 22:00:22,489 INFO exited: AutoTrader (exit status 127; not expected)
2022-03-22 22:00:25,509 INFO spawned: 'AutoTrader' with pid 140615
2022-03-22 22:00:25,524 INFO exited: AutoTrader (exit status 127; not expected)
2022-03-22 22:00:26,528 INFO gave up: AutoTrader entered FATAL state, too many start retries too quickly
2022-03-22 22:02:06,362 INFO RPC interface 'supervisor' initialized
2022-03-22 22:02:06,363 CRIT Server 'inet_http_server' running without any HTTP authentication checking
2022-03-22 22:02:06,364 INFO daemonizing the supervisord process
2022-03-22 22:02:06,365 INFO supervisord started with pid 140681
2022-03-22 22:02:07,372 INFO spawned: 'AutoTrader' with pid 140700
2022-03-22 22:02:07,390 INFO exited: AutoTrader (exit status 127; not expected)
2022-03-22 22:02:08,394 INFO spawned: 'AutoTrader' with pid 140702
2022-03-22 22:02:08,399 INFO exited: AutoTrader (exit status 127; not expected)
2022-03-22 22:02:10,605 INFO spawned: 'AutoTrader' with pid 140704
2022-03-22 22:02:10,620 INFO exited: AutoTrader (exit status 127; not expected)
2022-03-22 22:02:13,630 INFO spawned: 'AutoTrader' with pid 140707
2022-03-22 22:02:13,648 INFO exited: AutoTrader (exit status 127; not expected)
2022-03-22 22:02:14,651 INFO gave up: AutoTrader entered FATAL state, too many start retries too quickly
2022-03-22 22:09:48,016 INFO RPC interface 'supervisor' initialized
2022-03-22 22:09:48,016 CRIT Server 'inet_http_server' running without any HTTP authentication checking
2022-03-22 22:09:48,018 INFO daemonizing the supervisord process
2022-03-22 22:09:48,018 INFO supervisord started with pid 143807
2022-03-22 22:09:49,020 INFO spawnerr: can't find command '/piedpipr/dev/trader'
2022-03-22 22:09:50,022 INFO spawnerr: can't find command '/piedpipr/dev/trader'
2022-03-22 22:09:52,027 INFO spawnerr: can't find command '/piedpipr/dev/trader'
2022-03-22 22:09:55,032 INFO spawnerr: can't find command '/piedpipr/dev/trader'
2022-03-22 22:09:55,032 INFO gave up: AutoTrader entered FATAL state, too many start retries too quickly
2022-03-22 22:11:12,032 INFO RPC interface 'supervisor' initialized
2022-03-22 22:11:12,032 CRIT Server 'inet_http_server' running without any HTTP authentication checking
2022-03-22 22:11:12,034 INFO daemonizing the supervisord process
2022-03-22 22:11:12,034 INFO supervisord started with pid 143913
2022-03-22 22:11:13,043 INFO spawned: 'AutoTrader' with pid 143934
2022-03-22 22:11:13,059 INFO exited: AutoTrader (exit status 127; not expected)
2022-03-22 22:11:14,065 INFO spawned: 'AutoTrader' with pid 143935
2022-03-22 22:11:14,069 INFO exited: AutoTrader (exit status 127; not expected)
2022-03-22 22:11:16,553 INFO spawned: 'AutoTrader' with pid 143937
2022-03-22 22:11:16,557 INFO exited: AutoTrader (exit status 127; not expected)
2022-03-22 22:11:19,563 INFO spawned: 'AutoTrader' with pid 143938
2022-03-22 22:11:19,569 INFO exited: AutoTrader (exit status 127; not expected)
2022-03-22 22:11:20,571 INFO gave up: AutoTrader entered FATAL state, too many start retries too quickly
2022-03-22 22:11:55,754 INFO RPC interface 'supervisor' initialized
2022-03-22 22:11:55,754 CRIT Server 'inet_http_server' running without any HTTP authentication checking
2022-03-22 22:11:55,756 INFO daemonizing the supervisord process
2022-03-22 22:11:55,756 INFO supervisord started with pid 143968
2022-03-22 22:11:56,763 INFO spawned: 'AutoTrader' with pid 143987
2022-03-22 22:11:56,780 INFO exited: AutoTrader (exit status 127; not expected)
2022-03-22 22:11:58,504 INFO spawned: 'AutoTrader' with pid 143989
2022-03-22 22:11:58,509 INFO exited: AutoTrader (exit status 127; not expected)
2022-03-22 22:12:00,517 INFO spawned: 'AutoTrader' with pid 143990
2022-03-22 22:12:00,520 INFO exited: AutoTrader (exit status 127; not expected)
2022-03-22 22:12:03,529 INFO spawned: 'AutoTrader' with pid 143991
2022-03-22 22:12:03,546 INFO exited: AutoTrader (exit status 127; not expected)
2022-03-22 22:12:04,548 INFO gave up: AutoTrader entered FATAL state, too many start retries too quickly
2022-03-22 22:12:33,965 INFO RPC interface 'supervisor' initialized
2022-03-22 22:12:33,965 CRIT Server 'inet_http_server' running without any HTTP authentication checking
2022-03-22 22:12:33,966 INFO daemonizing the supervisord process
2022-03-22 22:12:33,967 INFO supervisord started with pid 144016
2022-03-22 22:12:34,975 INFO spawned: 'AutoTrader' with pid 144035
2022-03-22 22:12:36,131 INFO success: AutoTrader entered RUNNING state, process has stayed up for > than 1 seconds (startsecs)
2022-03-22 22:14:58,790 INFO waiting for AutoTrader to stop
2022-03-22 22:14:58,791 INFO stopped: AutoTrader (terminated by SIGTERM)
2022-03-22 22:15:58,726 INFO RPC interface 'supervisor' initialized
2022-03-22 22:15:58,727 CRIT Server 'inet_http_server' running without any HTTP authentication checking
2022-03-22 22:15:58,728 INFO daemonizing the supervisord process
2022-03-22 22:15:58,728 CRIT could not write pidfile /supervisor.pid
2022-03-22 22:15:59,733 INFO spawned: 'AutoTrader' with pid 144465
2022-03-22 22:16:00,868 INFO success: AutoTrader entered RUNNING state, process has stayed up for > than 1 seconds (startsecs)
2022-03-22 22:16:27,431 INFO exited: AutoTrader (exit status 1; not expected)
2022-03-22 22:16:28,441 INFO spawned: 'AutoTrader' with pid 144621
2022-03-22 22:16:29,604 INFO success: AutoTrader entered RUNNING state, process has stayed up for > than 1 seconds (startsecs)
2022-03-22 22:16:37,421 INFO exited: AutoTrader (exit status 1; not expected)
2022-03-22 22:16:38,428 INFO spawned: 'AutoTrader' with pid 144769
2022-03-22 22:16:39,612 INFO success: AutoTrader entered RUNNING state, process has stayed up for > than 1 seconds (startsecs)
2022-03-22 22:16:41,290 INFO exited: AutoTrader (exit status 1; not expected)
2022-03-22 22:16:42,296 INFO spawned: 'AutoTrader' with pid 144911
2022-03-22 22:16:43,477 INFO success: AutoTrader entered RUNNING state, process has stayed up for > than 1 seconds (startsecs)
2022-03-22 22:16:49,140 INFO exited: AutoTrader (exit status 1; not expected)
2022-03-22 22:16:50,148 INFO spawned: 'AutoTrader' with pid 145055
2022-03-22 22:16:50,732 INFO waiting for AutoTrader to die
2022-03-22 22:16:50,735 INFO stopped: AutoTrader (terminated by SIGTERM)
2022-03-22 22:17:03,168 INFO RPC interface 'supervisor' initialized
2022-03-22 22:17:03,168 CRIT Server 'inet_http_server' running without any HTTP authentication checking
2022-03-22 22:17:03,169 INFO daemonizing the supervisord process
2022-03-22 22:17:03,170 INFO supervisord started with pid 145085
2022-03-22 22:17:04,177 INFO spawned: 'AutoTrader' with pid 145104
2022-03-22 22:17:05,332 INFO success: AutoTrader entered RUNNING state, process has stayed up for > than 1 seconds (startsecs)
2022-03-22 22:19:07,382 INFO exited: AutoTrader (exit status 1; not expected)
2022-03-22 22:19:08,392 INFO spawned: 'AutoTrader' with pid 145407
2022-03-22 22:19:09,524 INFO success: AutoTrader entered RUNNING state, process has stayed up for > than 1 seconds (startsecs)
2022-03-22 22:20:14,361 INFO exited: AutoTrader (exit status 1; not expected)
2022-03-22 22:20:15,369 INFO spawned: 'AutoTrader' with pid 145696
2022-03-22 22:20:16,554 INFO success: AutoTrader entered RUNNING state, process has stayed up for > than 1 seconds (startsecs)
2022-03-22 22:21:04,841 INFO exited: AutoTrader (exit status 1; not expected)
2022-03-22 22:21:05,858 INFO spawned: 'AutoTrader' with pid 145913
2022-03-22 22:21:07,116 INFO success: AutoTrader entered RUNNING state, process has stayed up for > than 1 seconds (startsecs)
2022-03-22 22:21:12,734 INFO exited: AutoTrader (exit status 1; not expected)
2022-03-22 22:21:13,744 INFO spawned: 'AutoTrader' with pid 146057
2022-03-22 22:21:14,872 INFO success: AutoTrader entered RUNNING state, process has stayed up for > than 1 seconds (startsecs)
2022-03-22 22:21:22,132 INFO waiting for AutoTrader to stop
2022-03-22 22:21:22,140 INFO stopped: AutoTrader (terminated by SIGTERM)
2022-03-22 22:42:02,885 INFO RPC interface 'supervisor' initialized
2022-03-22 22:42:02,886 CRIT Server 'inet_http_server' running without any HTTP authentication checking
2022-03-22 22:42:02,887 INFO daemonizing the supervisord process
2022-03-22 22:42:02,888 INFO supervisord started with pid 148189
2022-03-22 22:42:03,894 INFO spawned: 'AutoTrader' with pid 148192
2022-03-22 22:42:05,127 INFO success: AutoTrader entered RUNNING state, process has stayed up for > than 1 seconds (startsecs)
2022-03-22 22:42:24,289 INFO exited: AutoTrader (exit status 1; not expected)
2022-03-22 22:42:25,301 INFO spawned: 'AutoTrader' with pid 148335
2022-03-22 22:42:26,466 INFO success: AutoTrader entered RUNNING state, process has stayed up for > than 1 seconds (startsecs)
2022-03-22 22:58:30,159 INFO waiting for AutoTrader to die
2022-03-22 22:58:30,165 INFO stopped: AutoTrader (terminated by SIGTERM)
2022-03-22 23:15:07,623 INFO RPC interface 'supervisor' initialized
2022-03-22 23:15:07,623 CRIT Server 'inet_http_server' running without any HTTP authentication checking
2022-03-22 23:15:07,625 INFO daemonizing the supervisord process
2022-03-22 23:15:07,626 INFO supervisord started with pid 150962
2022-03-22 23:15:08,634 INFO spawned: 'TwilioCallNotification' with pid 150965
2022-03-22 23:15:08,644 INFO spawned: 'AutoTrader' with pid 150966
2022-03-22 23:15:09,984 INFO success: TwilioCallNotification entered RUNNING state, process has stayed up for > than 1 seconds (startsecs)
2022-03-22 23:15:09,984 INFO success: AutoTrader entered RUNNING state, process has stayed up for > than 1 seconds (startsecs)
2022-03-22 23:15:10,579 WARN TwilioCallNotification: has entered the UNKNOWN state and will no longer receive events, this usually indicates the process violated the eventlistener protocol
2022-03-22 23:15:10,665 INFO exited: TwilioCallNotification (exit status 0; expected)
2022-03-22 23:16:11,531 INFO exited: AutoTrader (exit status 1; not expected)
2022-03-22 23:16:12,540 INFO spawned: 'AutoTrader' with pid 151124
2022-03-22 23:16:13,728 INFO success: AutoTrader entered RUNNING state, process has stayed up for > than 1 seconds (startsecs)
2022-03-22 23:16:31,145 INFO exited: AutoTrader (exit status 1; not expected)
2022-03-22 23:16:32,156 INFO spawned: 'AutoTrader' with pid 151312
2022-03-22 23:16:33,336 ERRO pool TwilioCallNotification event buffer overflowed, discarding event 0
2022-03-22 23:16:33,336 INFO success: AutoTrader entered RUNNING state, process has stayed up for > than 1 seconds (startsecs)
2022-03-22 23:16:38,848 ERRO pool TwilioCallNotification event buffer overflowed, discarding event 1
2022-03-22 23:16:38,848 INFO exited: AutoTrader (exit status 1; not expected)
2022-03-22 23:16:39,852 ERRO pool TwilioCallNotification event buffer overflowed, discarding event 2
2022-03-22 23:16:39,858 INFO spawned: 'AutoTrader' with pid 151462
2022-03-22 23:16:40,988 ERRO pool TwilioCallNotification event buffer overflowed, discarding event 3
2022-03-22 23:16:40,988 INFO success: AutoTrader entered RUNNING state, process has stayed up for > than 1 seconds (startsecs)
2022-03-22 23:16:45,861 ERRO pool TwilioCallNotification event buffer overflowed, discarding event 4
2022-03-22 23:16:45,862 INFO waiting for AutoTrader to stop
2022-03-22 23:16:45,874 ERRO pool TwilioCallNotification event buffer overflowed, discarding event 5
2022-03-22 23:16:45,874 INFO stopped: AutoTrader (terminated by SIGTERM)
2022-03-22 23:17:25,013 INFO RPC interface 'supervisor' initialized
2022-03-22 23:17:25,013 CRIT Server 'inet_http_server' running without any HTTP authentication checking
2022-03-22 23:17:25,015 INFO daemonizing the supervisord process
2022-03-22 23:17:25,016 INFO supervisord started with pid 151659
2022-03-22 23:17:26,025 INFO spawned: 'TwilioCallNotification' with pid 151663
2022-03-22 23:17:26,035 INFO spawned: 'AutoTrader' with pid 151664
2022-03-22 23:17:27,356 INFO success: TwilioCallNotification entered RUNNING state, process has stayed up for > than 1 seconds (startsecs)
2022-03-22 23:17:27,356 INFO success: AutoTrader entered RUNNING state, process has stayed up for > than 1 seconds (startsecs)
2022-03-22 23:17:27,978 WARN TwilioCallNotification: has entered the UNKNOWN state and will no longer receive events, this usually indicates the process violated the eventlistener protocol
2022-03-22 23:17:28,059 INFO exited: TwilioCallNotification (exit status 0; expected)
2022-03-22 23:19:11,263 INFO waiting for AutoTrader to die
2022-03-22 23:19:11,270 INFO stopped: AutoTrader (terminated by SIGTERM)
2022-03-22 23:19:23,946 INFO RPC interface 'supervisor' initialized
2022-03-22 23:19:23,946 CRIT Server 'inet_http_server' running without any HTTP authentication checking
2022-03-22 23:19:23,948 INFO daemonizing the supervisord process
2022-03-22 23:19:23,948 INFO supervisord started with pid 151988
2022-03-22 23:19:24,957 INFO spawned: 'TwilioCallNotification' with pid 151991
2022-03-22 23:19:24,965 INFO spawned: 'AutoTrader' with pid 151992
2022-03-22 23:19:26,307 INFO success: TwilioCallNotification entered RUNNING state, process has stayed up for > than 1 seconds (startsecs)
2022-03-22 23:19:26,307 INFO success: AutoTrader entered RUNNING state, process has stayed up for > than 1 seconds (startsecs)
2022-03-22 23:19:26,993 WARN TwilioCallNotification: has entered the UNKNOWN state and will no longer receive events, this usually indicates the process violated the eventlistener protocol
2022-03-22 23:19:27,079 INFO exited: TwilioCallNotification (exit status 0; expected)
2022-03-22 23:19:50,070 INFO exited: AutoTrader (exit status 1; not expected)
2022-03-22 23:19:51,076 INFO spawned: 'AutoTrader' with pid 152138
2022-03-22 23:19:52,211 INFO success: AutoTrader entered RUNNING state, process has stayed up for > than 1 seconds (startsecs)
2022-03-22 23:22:10,333 INFO exited: AutoTrader (exit status 1; not expected)
2022-03-22 23:22:11,340 INFO spawned: 'AutoTrader' with pid 152520
2022-03-22 23:22:12,485 ERRO pool TwilioCallNotification event buffer overflowed, discarding event 0
2022-03-22 23:22:12,485 INFO success: AutoTrader entered RUNNING state, process has stayed up for > than 1 seconds (startsecs)
2022-03-22 23:26:12,893 ERRO pool TwilioCallNotification event buffer overflowed, discarding event 1
2022-03-22 23:26:12,893 INFO exited: AutoTrader (exit status 1; not expected)
2022-03-22 23:26:13,899 ERRO pool TwilioCallNotification event buffer overflowed, discarding event 2
2022-03-22 23:26:13,904 INFO spawned: 'AutoTrader' with pid 152846
2022-03-22 23:26:15,064 ERRO pool TwilioCallNotification event buffer overflowed, discarding event 3
2022-03-22 23:26:15,064 INFO success: AutoTrader entered RUNNING state, process has stayed up for > than 1 seconds (startsecs)
2022-03-22 23:26:24,488 ERRO pool TwilioCallNotification event buffer overflowed, discarding event 4
2022-03-22 23:26:24,488 INFO exited: AutoTrader (exit status 1; not expected)
2022-03-22 23:26:25,494 ERRO pool TwilioCallNotification event buffer overflowed, discarding event 5
2022-03-22 23:26:25,499 INFO spawned: 'AutoTrader' with pid 152993
2022-03-22 23:26:26,692 ERRO pool TwilioCallNotification event buffer overflowed, discarding event 6
2022-03-22 23:26:26,692 INFO success: AutoTrader entered RUNNING state, process has stayed up for > than 1 seconds (startsecs)
2022-03-22 23:26:26,973 ERRO pool TwilioCallNotification event buffer overflowed, discarding event 7
2022-03-22 23:26:26,973 INFO exited: AutoTrader (exit status 1; not expected)
2022-03-22 23:26:27,976 ERRO pool TwilioCallNotification event buffer overflowed, discarding event 8
2022-03-22 23:26:27,981 INFO spawned: 'AutoTrader' with pid 153126
2022-03-22 23:26:29,300 ERRO pool TwilioCallNotification event buffer overflowed, discarding event 9
2022-03-22 23:26:29,300 INFO success: AutoTrader entered RUNNING state, process has stayed up for > than 1 seconds (startsecs)
2022-03-22 23:26:34,663 ERRO pool TwilioCallNotification event buffer overflowed, discarding event 10
2022-03-22 23:26:34,664 INFO exited: AutoTrader (exit status 1; not expected)
2022-03-22 23:26:34,771 ERRO pool TwilioCallNotification event buffer overflowed, discarding event 11
2022-03-22 23:26:34,772 INFO spawned: 'AutoTrader' with pid 153292
2022-03-22 23:26:34,775 ERRO pool TwilioCallNotification event buffer overflowed, discarding event 12
2022-03-22 23:26:34,776 INFO waiting for AutoTrader to stop
2022-03-22 23:26:36,937 INFO waiting for AutoTrader to stop
2022-03-22 23:26:38,076 ERRO pool TwilioCallNotification event buffer overflowed, discarding event 13
2022-03-22 23:26:38,076 INFO stopped: AutoTrader (exit status 1)
2022-03-23 00:56:42,743 INFO RPC interface 'supervisor' initialized
2022-03-23 00:56:42,743 CRIT Server 'inet_http_server' running without any HTTP authentication checking
2022-03-23 00:56:42,744 INFO daemonizing the supervisord process
2022-03-23 00:56:42,745 INFO supervisord started with pid 155856
2022-03-23 00:56:43,752 INFO spawned: 'TwilioCallNotification' with pid 155859
2022-03-23 00:56:43,760 INFO spawned: 'AutoTrader' with pid 155860
2022-03-23 00:56:45,104 INFO success: TwilioCallNotification entered RUNNING state, process has stayed up for > than 1 seconds (startsecs)
2022-03-23 00:56:45,104 INFO success: AutoTrader entered RUNNING state, process has stayed up for > than 1 seconds (startsecs)
2022-03-23 00:56:45,856 WARN TwilioCallNotification: has entered the UNKNOWN state and will no longer receive events, this usually indicates the process violated the eventlistener protocol
2022-03-23 00:56:45,972 INFO exited: TwilioCallNotification (exit status 0; expected)
2022-03-23 00:57:20,014 INFO waiting for AutoTrader to stop
2022-03-23 00:57:20,016 INFO stopped: AutoTrader (terminated by SIGTERM)
2022-03-23 00:57:21,023 INFO spawned: 'AutoTrader' with pid 156039
2022-03-23 00:57:22,228 INFO success: AutoTrader entered RUNNING state, process has stayed up for > than 1 seconds (startsecs)
2022-03-23 00:57:39,201 INFO exited: AutoTrader (exit status 1; not expected)
2022-03-23 00:57:40,207 ERRO pool TwilioCallNotification event buffer overflowed, discarding event 0
2022-03-23 00:57:40,212 INFO spawned: 'AutoTrader' with pid 156209
2022-03-23 00:57:41,428 ERRO pool TwilioCallNotification event buffer overflowed, discarding event 1
2022-03-23 00:57:41,428 INFO success: AutoTrader entered RUNNING state, process has stayed up for > than 1 seconds (startsecs)
2022-03-23 00:57:56,137 ERRO pool TwilioCallNotification event buffer overflowed, discarding event 2
2022-03-23 00:57:56,137 INFO exited: AutoTrader (exit status 1; not expected)
2022-03-23 00:57:57,140 ERRO pool TwilioCallNotification event buffer overflowed, discarding event 3
2022-03-23 00:57:57,145 INFO spawned: 'AutoTrader' with pid 156369
2022-03-23 00:57:58,316 ERRO pool TwilioCallNotification event buffer overflowed, discarding event 4
2022-03-23 00:57:58,316 INFO success: AutoTrader entered RUNNING state, process has stayed up for > than 1 seconds (startsecs)
2022-03-23 00:58:28,738 ERRO pool TwilioCallNotification event buffer overflowed, discarding event 5
2022-03-23 00:58:28,738 INFO waiting for AutoTrader to stop
2022-03-23 00:58:28,740 ERRO pool TwilioCallNotification event buffer overflowed, discarding event 6
2022-03-23 00:58:28,740 INFO stopped: AutoTrader (terminated by SIGTERM)
2022-03-23 00:59:45,336 ERRO pool TwilioCallNotification event buffer overflowed, discarding event 7
2022-03-23 00:59:45,338 INFO spawned: 'AutoTrader' with pid 156604
2022-03-23 00:59:46,481 ERRO pool TwilioCallNotification event buffer overflowed, discarding event 8
2022-03-23 00:59:46,481 INFO success: AutoTrader entered RUNNING state, process has stayed up for > than 1 seconds (startsecs)
2022-03-23 01:00:00,965 ERRO pool TwilioCallNotification event buffer overflowed, discarding event 9
2022-03-23 01:00:00,967 ERRO pool TwilioCallNotification event buffer overflowed, discarding event 10
2022-03-23 01:00:00,967 INFO stopped: AutoTrader (terminated by SIGTERM)
2022-03-23 01:00:00,968 ERRO pool TwilioCallNotification event buffer overflowed, discarding event 11
2022-03-23 01:00:00,970 INFO spawned: 'AutoTrader' with pid 156757
2022-03-23 01:00:02,140 ERRO pool TwilioCallNotification event buffer overflowed, discarding event 12
2022-03-23 01:00:02,141 INFO success: AutoTrader entered RUNNING state, process has stayed up for > than 1 seconds (startsecs)
2022-03-23 01:00:40,240 ERRO pool TwilioCallNotification event buffer overflowed, discarding event 13
2022-03-23 01:00:40,241 INFO waiting for AutoTrader to stop
2022-03-23 01:00:40,249 ERRO pool TwilioCallNotification event buffer overflowed, discarding event 14
2022-03-23 01:00:40,249 INFO stopped: AutoTrader (terminated by SIGTERM)
2022-03-23 01:00:48,549 INFO RPC interface 'supervisor' initialized
2022-03-23 01:00:48,549 CRIT Server 'inet_http_server' running without any HTTP authentication checking
2022-03-23 01:00:48,551 INFO daemonizing the supervisord process
2022-03-23 01:00:48,551 INFO supervisord started with pid 156968
2022-03-23 01:00:49,560 INFO spawned: 'TwilioCallNotification' with pid 156971
2022-03-23 01:00:49,568 INFO spawned: 'AutoTrader' with pid 156972
2022-03-23 01:00:50,955 INFO success: TwilioCallNotification entered RUNNING state, process has stayed up for > than 1 seconds (startsecs)
2022-03-23 01:00:50,956 INFO success: AutoTrader entered RUNNING state, process has stayed up for > than 1 seconds (startsecs)
2022-03-23 01:00:51,468 WARN TwilioCallNotification: has entered the UNKNOWN state and will no longer receive events, this usually indicates the process violated the eventlistener protocol
2022-03-23 01:00:51,561 INFO exited: TwilioCallNotification (exit status 0; expected)
2022-03-23 01:00:52,568 INFO spawned: 'TwilioCallNotification' with pid 157107
2022-03-23 01:00:53,571 INFO success: TwilioCallNotification entered RUNNING state, process has stayed up for > than 1 seconds (startsecs)
2022-03-23 01:00:54,413 WARN TwilioCallNotification: has entered the UNKNOWN state and will no longer receive events, this usually indicates the process violated the eventlistener protocol
2022-03-23 01:00:54,476 INFO exited: TwilioCallNotification (exit status 0; expected)
2022-03-23 01:00:55,482 INFO spawned: 'TwilioCallNotification' with pid 157114
2022-03-23 01:00:56,486 INFO success: TwilioCallNotification entered RUNNING state, process has stayed up for > than 1 seconds (startsecs)
2022-03-23 01:00:57,172 WARN TwilioCallNotification: has entered the UNKNOWN state and will no longer receive events, this usually indicates the process violated the eventlistener protocol
2022-03-23 01:00:57,204 ERRO pool TwilioCallNotification event buffer overflowed, discarding event 0
2022-03-23 01:00:57,204 INFO exited: TwilioCallNotification (exit status 0; expected)
2022-03-23 01:00:58,205 ERRO pool TwilioCallNotification event buffer overflowed, discarding event 1
2022-03-23 01:00:58,210 INFO spawned: 'TwilioCallNotification' with pid 157125
2022-03-23 01:00:59,402 ERRO pool TwilioCallNotification event buffer overflowed, discarding event 2
2022-03-23 01:00:59,402 INFO success: TwilioCallNotification entered RUNNING state, process has stayed up for > than 1 seconds (startsecs)
2022-03-23 01:00:59,961 WARN TwilioCallNotification: has entered the UNKNOWN state and will no longer receive events, this usually indicates the process violated the eventlistener protocol
2022-03-23 01:00:59,987 ERRO pool TwilioCallNotification event buffer overflowed, discarding event 3
2022-03-23 01:00:59,987 INFO exited: TwilioCallNotification (exit status 0; expected)
2022-03-23 01:01:00,788 ERRO pool TwilioCallNotification event buffer overflowed, discarding event 4
2022-03-23 01:01:00,791 INFO spawned: 'TwilioCallNotification' with pid 157129
2022-03-23 01:01:01,792 ERRO pool TwilioCallNotification event buffer overflowed, discarding event 5
2022-03-23 01:01:01,793 INFO success: TwilioCallNotification entered RUNNING state, process has stayed up for > than 1 seconds (startsecs)
2022-03-23 01:01:02,333 WARN TwilioCallNotification: has entered the UNKNOWN state and will no longer receive events, this usually indicates the process violated the eventlistener protocol
2022-03-23 01:01:02,358 ERRO pool TwilioCallNotification event buffer overflowed, discarding event 6
2022-03-23 01:01:02,358 INFO exited: TwilioCallNotification (exit status 0; expected)
2022-03-23 01:01:02,964 ERRO pool TwilioCallNotification event buffer overflowed, discarding event 7
2022-03-23 01:01:02,967 INFO spawned: 'TwilioCallNotification' with pid 157146
2022-03-23 01:01:04,308 ERRO pool TwilioCallNotification event buffer overflowed, discarding event 8
2022-03-23 01:01:04,308 INFO success: TwilioCallNotification entered RUNNING state, process has stayed up for > than 1 seconds (startsecs)
2022-03-23 01:01:04,721 WARN TwilioCallNotification: has entered the UNKNOWN state and will no longer receive events, this usually indicates the process violated the eventlistener protocol
2022-03-23 01:01:04,779 ERRO pool TwilioCallNotification event buffer overflowed, discarding event 9
2022-03-23 01:01:04,779 INFO exited: TwilioCallNotification (exit status 0; expected)
2022-03-23 01:01:05,689 ERRO pool TwilioCallNotification event buffer overflowed, discarding event 10
2022-03-23 01:01:05,692 INFO spawned: 'TwilioCallNotification' with pid 157154
2022-03-23 01:01:07,374 ERRO pool TwilioCallNotification event buffer overflowed, discarding event 11
2022-03-23 01:01:07,374 INFO success: TwilioCallNotification entered RUNNING state, process has stayed up for > than 1 seconds (startsecs)
2022-03-23 01:01:12,394 WARN TwilioCallNotification: has entered the UNKNOWN state and will no longer receive events, this usually indicates the process violated the eventlistener protocol
2022-03-23 01:01:12,428 ERRO pool TwilioCallNotification event buffer overflowed, discarding event 12
2022-03-23 01:01:12,428 INFO exited: TwilioCallNotification (exit status 0; expected)
2022-03-23 01:01:12,587 ERRO pool TwilioCallNotification event buffer overflowed, discarding event 13
2022-03-23 01:01:12,593 INFO spawned: 'TwilioCallNotification' with pid 157177
2022-03-23 01:01:13,597 ERRO pool TwilioCallNotification event buffer overflowed, discarding event 14
2022-03-23 01:01:13,597 INFO success: TwilioCallNotification entered RUNNING state, process has stayed up for > than 1 seconds (startsecs)
2022-03-23 01:01:14,446 WARN TwilioCallNotification: has entered the UNKNOWN state and will no longer receive events, this usually indicates the process violated the eventlistener protocol
2022-03-23 01:01:14,491 ERRO pool TwilioCallNotification event buffer overflowed, discarding event 15
2022-03-23 01:01:14,491 INFO exited: TwilioCallNotification (exit status 0; expected)
2022-03-23 01:01:15,492 ERRO pool TwilioCallNotification event buffer overflowed, discarding event 16
2022-03-23 01:01:15,498 INFO spawned: 'TwilioCallNotification' with pid 157185
2022-03-23 01:01:16,502 ERRO pool TwilioCallNotification event buffer overflowed, discarding event 17
2022-03-23 01:01:16,502 INFO success: TwilioCallNotification entered RUNNING state, process has stayed up for > than 1 seconds (startsecs)
2022-03-23 01:01:16,972 WARN TwilioCallNotification: has entered the UNKNOWN state and will no longer receive events, this usually indicates the process violated the eventlistener protocol
2022-03-23 01:01:17,024 ERRO pool TwilioCallNotification event buffer overflowed, discarding event 18
2022-03-23 01:01:17,024 INFO exited: TwilioCallNotification (exit status 0; expected)
2022-03-23 01:01:17,779 ERRO pool TwilioCallNotification event buffer overflowed, discarding event 19
2022-03-23 01:01:17,785 INFO spawned: 'TwilioCallNotification' with pid 157186
2022-03-23 01:01:17,968 ERRO pool TwilioCallNotification event buffer overflowed, discarding event 20
2022-03-23 01:01:17,969 INFO exited: AutoTrader (exit status 1; not expected)
2022-03-23 01:01:18,970 ERRO pool TwilioCallNotification event buffer overflowed, discarding event 21
2022-03-23 01:01:18,970 INFO success: TwilioCallNotification entered RUNNING state, process has stayed up for > than 1 seconds (startsecs)
2022-03-23 01:01:18,970 ERRO pool TwilioCallNotification event buffer overflowed, discarding event 22
2022-03-23 01:01:18,971 INFO spawned: 'AutoTrader' with pid 157197
2022-03-23 01:01:19,420 WARN TwilioCallNotification: has entered the UNKNOWN state and will no longer receive events, this usually indicates the process violated the eventlistener protocol
2022-03-23 01:01:19,457 ERRO pool TwilioCallNotification event buffer overflowed, discarding event 23
2022-03-23 01:01:19,457 INFO exited: TwilioCallNotification (exit status 0; expected)
2022-03-23 01:01:20,459 ERRO pool TwilioCallNotification event buffer overflowed, discarding event 24
2022-03-23 01:01:20,462 INFO spawned: 'TwilioCallNotification' with pid 157330
2022-03-23 01:01:20,462 ERRO pool TwilioCallNotification event buffer overflowed, discarding event 25
2022-03-23 01:01:20,463 INFO success: AutoTrader entered RUNNING state, process has stayed up for > than 1 seconds (startsecs)
2022-03-23 01:01:21,464 ERRO pool TwilioCallNotification event buffer overflowed, discarding event 26
2022-03-23 01:01:21,465 INFO success: TwilioCallNotification entered RUNNING state, process has stayed up for > than 1 seconds (startsecs)
2022-03-23 01:01:22,292 WARN TwilioCallNotification: has entered the UNKNOWN state and will no longer receive events, this usually indicates the process violated the eventlistener protocol
2022-03-23 01:01:22,352 ERRO pool TwilioCallNotification event buffer overflowed, discarding event 27
2022-03-23 01:01:22,352 INFO exited: TwilioCallNotification (exit status 0; expected)
2022-03-23 01:01:23,354 ERRO pool TwilioCallNotification event buffer overflowed, discarding event 28
2022-03-23 01:01:23,358 INFO spawned: 'TwilioCallNotification' with pid 157355
2022-03-23 01:01:24,236 ERRO pool TwilioCallNotification event buffer overflowed, discarding event 29
2022-03-23 01:01:24,236 INFO exited: AutoTrader (exit status 1; not expected)
2022-03-23 01:01:24,516 ERRO pool TwilioCallNotification event buffer overflowed, discarding event 30
2022-03-23 01:01:24,517 INFO success: TwilioCallNotification entered RUNNING state, process has stayed up for > than 1 seconds (startsecs)
2022-03-23 01:01:24,517 ERRO pool TwilioCallNotification event buffer overflowed, discarding event 31
2022-03-23 01:01:24,518 INFO spawned: 'AutoTrader' with pid 157356
2022-03-23 01:01:25,038 WARN TwilioCallNotification: has entered the UNKNOWN state and will no longer receive events, this usually indicates the process violated the eventlistener protocol
2022-03-23 01:01:25,091 ERRO pool TwilioCallNotification event buffer overflowed, discarding event 32
2022-03-23 01:01:25,091 INFO exited: TwilioCallNotification (exit status 0; expected)
2022-03-23 01:01:26,096 ERRO pool TwilioCallNotification event buffer overflowed, discarding event 33
2022-03-23 01:01:26,099 INFO spawned: 'TwilioCallNotification' with pid 157494
2022-03-23 01:01:26,099 ERRO pool TwilioCallNotification event buffer overflowed, discarding event 34
2022-03-23 01:01:26,099 INFO success: AutoTrader entered RUNNING state, process has stayed up for > than 1 seconds (startsecs)
2022-03-23 01:01:27,104 ERRO pool TwilioCallNotification event buffer overflowed, discarding event 35
2022-03-23 01:01:27,104 INFO success: TwilioCallNotification entered RUNNING state, process has stayed up for > than 1 seconds (startsecs)
2022-03-23 01:01:27,591 WARN TwilioCallNotification: has entered the UNKNOWN state and will no longer receive events, this usually indicates the process violated the eventlistener protocol
2022-03-23 01:01:27,684 ERRO pool TwilioCallNotification event buffer overflowed, discarding event 36
2022-03-23 01:01:27,684 INFO exited: TwilioCallNotification (exit status 0; expected)
2022-03-23 01:01:28,688 ERRO pool TwilioCallNotification event buffer overflowed, discarding event 37
2022-03-23 01:01:28,691 INFO spawned: 'TwilioCallNotification' with pid 157525
2022-03-23 01:01:29,696 ERRO pool TwilioCallNotification event buffer overflowed, discarding event 38
2022-03-23 01:01:29,697 INFO success: TwilioCallNotification entered RUNNING state, process has stayed up for > than 1 seconds (startsecs)
2022-03-23 01:01:30,185 WARN TwilioCallNotification: has entered the UNKNOWN state and will no longer receive events, this usually indicates the process violated the eventlistener protocol
2022-03-23 01:01:30,239 ERRO pool TwilioCallNotification event buffer overflowed, discarding event 39
2022-03-23 01:01:30,239 INFO exited: TwilioCallNotification (exit status 0; expected)
2022-03-23 01:01:31,244 ERRO pool TwilioCallNotification event buffer overflowed, discarding event 40
2022-03-23 01:01:31,251 INFO spawned: 'TwilioCallNotification' with pid 157532
2022-03-23 01:01:32,536 ERRO pool TwilioCallNotification event buffer overflowed, discarding event 41
2022-03-23 01:01:32,537 INFO success: TwilioCallNotification entered RUNNING state, process has stayed up for > than 1 seconds (startsecs)
2022-03-23 01:01:33,259 WARN TwilioCallNotification: has entered the UNKNOWN state and will no longer receive events, this usually indicates the process violated the eventlistener protocol
2022-03-23 01:01:33,306 ERRO pool TwilioCallNotification event buffer overflowed, discarding event 42
2022-03-23 01:01:33,306 INFO exited: TwilioCallNotification (exit status 0; expected)
2022-03-23 01:01:33,657 ERRO pool TwilioCallNotification event buffer overflowed, discarding event 43
2022-03-23 01:01:33,663 INFO spawned: 'TwilioCallNotification' with pid 157538
2022-03-23 01:01:35,078 ERRO pool TwilioCallNotification event buffer overflowed, discarding event 44
2022-03-23 01:01:35,078 INFO success: TwilioCallNotification entered RUNNING state, process has stayed up for > than 1 seconds (startsecs)
2022-03-23 01:01:36,519 WARN TwilioCallNotification: has entered the UNKNOWN state and will no longer receive events, this usually indicates the process violated the eventlistener protocol
2022-03-23 01:01:36,543 ERRO pool TwilioCallNotification event buffer overflowed, discarding event 45
2022-03-23 01:01:36,543 INFO exited: TwilioCallNotification (exit status 0; expected)
2022-03-23 01:01:37,144 ERRO pool TwilioCallNotification event buffer overflowed, discarding event 46
2022-03-23 01:01:37,151 INFO spawned: 'TwilioCallNotification' with pid 157548
2022-03-23 01:01:38,157 ERRO pool TwilioCallNotification event buffer overflowed, discarding event 47
2022-03-23 01:01:38,157 INFO success: TwilioCallNotification entered RUNNING state, process has stayed up for > than 1 seconds (startsecs)
2022-03-23 01:01:39,072 WARN TwilioCallNotification: has entered the UNKNOWN state and will no longer receive events, this usually indicates the process violated the eventlistener protocol
2022-03-23 01:01:39,120 ERRO pool TwilioCallNotification event buffer overflowed, discarding event 48
2022-03-23 01:01:39,120 INFO exited: TwilioCallNotification (exit status 0; expected)
2022-03-23 01:01:40,126 ERRO pool TwilioCallNotification event buffer overflowed, discarding event 49
2022-03-23 01:01:40,131 INFO spawned: 'TwilioCallNotification' with pid 157561
2022-03-23 01:01:41,268 ERRO pool TwilioCallNotification event buffer overflowed, discarding event 50
2022-03-23 01:01:41,268 INFO success: TwilioCallNotification entered RUNNING state, process has stayed up for > than 1 seconds (startsecs)
2022-03-23 01:01:41,934 WARN TwilioCallNotification: has entered the UNKNOWN state and will no longer receive events, this usually indicates the process violated the eventlistener protocol
2022-03-23 01:01:42,030 ERRO pool TwilioCallNotification event buffer overflowed, discarding event 51
2022-03-23 01:01:42,030 INFO exited: TwilioCallNotification (exit status 0; expected)
2022-03-23 01:01:43,032 ERRO pool TwilioCallNotification event buffer overflowed, discarding event 52
2022-03-23 01:01:43,041 INFO spawned: 'TwilioCallNotification' with pid 157580
2022-03-23 01:01:44,344 ERRO pool TwilioCallNotification event buffer overflowed, discarding event 53
2022-03-23 01:01:44,345 INFO success: TwilioCallNotification entered RUNNING state, process has stayed up for > than 1 seconds (startsecs)
2022-03-23 01:01:44,774 WARN TwilioCallNotification: has entered the UNKNOWN state and will no longer receive events, this usually indicates the process violated the eventlistener protocol
2022-03-23 01:01:44,811 ERRO pool TwilioCallNotification event buffer overflowed, discarding event 54
2022-03-23 01:01:44,811 INFO exited: TwilioCallNotification (exit status 0; expected)
2022-03-23 01:01:45,816 ERRO pool TwilioCallNotification event buffer overflowed, discarding event 55
2022-03-23 01:01:45,820 INFO spawned: 'TwilioCallNotification' with pid 157581
2022-03-23 01:01:46,824 ERRO pool TwilioCallNotification event buffer overflowed, discarding event 56
2022-03-23 01:01:46,824 INFO success: TwilioCallNotification entered RUNNING state, process has stayed up for > than 1 seconds (startsecs)
2022-03-23 01:01:49,517 WARN TwilioCallNotification: has entered the UNKNOWN state and will no longer receive events, this usually indicates the process violated the eventlistener protocol
2022-03-23 01:01:49,554 ERRO pool TwilioCallNotification event buffer overflowed, discarding event 57
2022-03-23 01:01:49,554 INFO exited: TwilioCallNotification (exit status 0; expected)
2022-03-23 01:01:50,556 ERRO pool TwilioCallNotification event buffer overflowed, discarding event 58
2022-03-23 01:01:50,562 INFO spawned: 'TwilioCallNotification' with pid 157584
2022-03-23 01:01:51,568 ERRO pool TwilioCallNotification event buffer overflowed, discarding event 59
2022-03-23 01:01:51,569 INFO success: TwilioCallNotification entered RUNNING state, process has stayed up for > than 1 seconds (startsecs)
2022-03-23 01:01:52,690 WARN TwilioCallNotification: has entered the UNKNOWN state and will no longer receive events, this usually indicates the process violated the eventlistener protocol
2022-03-23 01:01:53,078 ERRO pool TwilioCallNotification event buffer overflowed, discarding event 60
2022-03-23 01:01:53,079 INFO exited: TwilioCallNotification (exit status 0; expected)
2022-03-23 01:01:53,083 ERRO pool TwilioCallNotification event buffer overflowed, discarding event 61
2022-03-23 01:01:53,085 INFO spawned: 'TwilioCallNotification' with pid 157586
2022-03-23 01:01:54,340 ERRO pool TwilioCallNotification event buffer overflowed, discarding event 62
2022-03-23 01:01:54,341 INFO success: TwilioCallNotification entered RUNNING state, process has stayed up for > than 1 seconds (startsecs)
2022-03-23 01:01:55,452 WARN TwilioCallNotification: has entered the UNKNOWN state and will no longer receive events, this usually indicates the process violated the eventlistener protocol
2022-03-23 01:01:55,486 ERRO pool TwilioCallNotification event buffer overflowed, discarding event 63
2022-03-23 01:01:55,486 INFO exited: TwilioCallNotification (exit status 0; expected)
2022-03-23 01:01:56,488 ERRO pool TwilioCallNotification event buffer overflowed, discarding event 64
2022-03-23 01:01:56,490 INFO spawned: 'TwilioCallNotification' with pid 157591
2022-03-23 01:01:57,496 ERRO pool TwilioCallNotification event buffer overflowed, discarding event 65
2022-03-23 01:01:57,497 INFO success: TwilioCallNotification entered RUNNING state, process has stayed up for > than 1 seconds (startsecs)
2022-03-23 01:01:58,540 WARN TwilioCallNotification: has entered the UNKNOWN state and will no longer receive events, this usually indicates the process violated the eventlistener protocol
2022-03-23 01:01:58,582 ERRO pool TwilioCallNotification event buffer overflowed, discarding event 66
2022-03-23 01:01:58,582 INFO exited: TwilioCallNotification (exit status 0; expected)
2022-03-23 01:01:59,584 ERRO pool TwilioCallNotification event buffer overflowed, discarding event 67
2022-03-23 01:01:59,589 INFO spawned: 'TwilioCallNotification' with pid 157592
2022-03-23 01:02:00,596 ERRO pool TwilioCallNotification event buffer overflowed, discarding event 68
2022-03-23 01:02:00,597 INFO success: TwilioCallNotification entered RUNNING state, process has stayed up for > than 1 seconds (startsecs)
2022-03-23 01:02:01,378 WARN TwilioCallNotification: has entered the UNKNOWN state and will no longer receive events, this usually indicates the process violated the eventlistener protocol
2022-03-23 01:02:01,427 ERRO pool TwilioCallNotification event buffer overflowed, discarding event 69
2022-03-23 01:02:01,427 INFO exited: TwilioCallNotification (exit status 0; expected)
2022-03-23 01:02:02,428 ERRO pool TwilioCallNotification event buffer overflowed, discarding event 70
2022-03-23 01:02:02,434 INFO spawned: 'TwilioCallNotification' with pid 157593
2022-03-23 01:02:03,441 ERRO pool TwilioCallNotification event buffer overflowed, discarding event 71
2022-03-23 01:02:03,441 INFO success: TwilioCallNotification entered RUNNING state, process has stayed up for > than 1 seconds (startsecs)
2022-03-23 01:02:04,627 WARN TwilioCallNotification: has entered the UNKNOWN state and will no longer receive events, this usually indicates the process violated the eventlistener protocol
2022-03-23 01:02:04,680 ERRO pool TwilioCallNotification event buffer overflowed, discarding event 72
2022-03-23 01:02:04,680 INFO exited: TwilioCallNotification (exit status 0; expected)
2022-03-23 01:02:04,715 ERRO pool TwilioCallNotification event buffer overflowed, discarding event 73
2022-03-23 01:02:04,717 INFO spawned: 'TwilioCallNotification' with pid 157594
2022-03-23 01:02:05,844 ERRO pool TwilioCallNotification event buffer overflowed, discarding event 74
2022-03-23 01:02:05,845 INFO success: TwilioCallNotification entered RUNNING state, process has stayed up for > than 1 seconds (startsecs)
2022-03-23 01:02:07,333 WARN TwilioCallNotification: has entered the UNKNOWN state and will no longer receive events, this usually indicates the process violated the eventlistener protocol
2022-03-23 01:02:07,379 ERRO pool TwilioCallNotification event buffer overflowed, discarding event 75
2022-03-23 01:02:07,379 INFO exited: TwilioCallNotification (exit status 0; expected)
2022-03-23 01:02:08,384 ERRO pool TwilioCallNotification event buffer overflowed, discarding event 76
2022-03-23 01:02:08,389 INFO spawned: 'TwilioCallNotification' with pid 157595
2022-03-23 01:02:09,397 ERRO pool TwilioCallNotification event buffer overflowed, discarding event 77
2022-03-23 01:02:09,397 INFO success: TwilioCallNotification entered RUNNING state, process has stayed up for > than 1 seconds (startsecs)
2022-03-23 01:02:10,403 WARN TwilioCallNotification: has entered the UNKNOWN state and will no longer receive events, this usually indicates the process violated the eventlistener protocol
2022-03-23 01:02:10,447 ERRO pool TwilioCallNotification event buffer overflowed, discarding event 78
2022-03-23 01:02:10,447 INFO exited: TwilioCallNotification (exit status 0; expected)
2022-03-23 01:02:11,453 ERRO pool TwilioCallNotification event buffer overflowed, discarding event 79
2022-03-23 01:02:11,458 INFO spawned: 'TwilioCallNotification' with pid 157597
2022-03-23 01:02:12,465 ERRO pool TwilioCallNotification event buffer overflowed, discarding event 80
2022-03-23 01:02:12,465 INFO success: TwilioCallNotification entered RUNNING state, process has stayed up for > than 1 seconds (startsecs)
2022-03-23 01:02:13,264 WARN TwilioCallNotification: has entered the UNKNOWN state and will no longer receive events, this usually indicates the process violated the eventlistener protocol
2022-03-23 01:02:13,311 ERRO pool TwilioCallNotification event buffer overflowed, discarding event 81
2022-03-23 01:02:13,311 INFO exited: TwilioCallNotification (exit status 0; expected)
2022-03-23 01:02:14,316 ERRO pool TwilioCallNotification event buffer overflowed, discarding event 82
2022-03-23 01:02:14,322 INFO spawned: 'TwilioCallNotification' with pid 157599
2022-03-23 01:02:15,331 ERRO pool TwilioCallNotification event buffer overflowed, discarding event 83
2022-03-23 01:02:15,331 INFO success: TwilioCallNotification entered RUNNING state, process has stayed up for > than 1 seconds (startsecs)
2022-03-23 01:02:16,239 WARN TwilioCallNotification: has entered the UNKNOWN state and will no longer receive events, this usually indicates the process violated the eventlistener protocol
2022-03-23 01:02:16,290 ERRO pool TwilioCallNotification event buffer overflowed, discarding event 84
2022-03-23 01:02:16,290 INFO exited: TwilioCallNotification (exit status 0; expected)
2022-03-23 01:02:17,295 ERRO pool TwilioCallNotification event buffer overflowed, discarding event 85
2022-03-23 01:02:17,298 INFO spawned: 'TwilioCallNotification' with pid 157600
2022-03-23 01:02:18,304 ERRO pool TwilioCallNotification event buffer overflowed, discarding event 86
2022-03-23 01:02:18,305 INFO success: TwilioCallNotification entered RUNNING state, process has stayed up for > than 1 seconds (startsecs)
2022-03-23 01:02:19,642 WARN TwilioCallNotification: has entered the UNKNOWN state and will no longer receive events, this usually indicates the process violated the eventlistener protocol
2022-03-23 01:02:19,665 ERRO pool TwilioCallNotification event buffer overflowed, discarding event 87
2022-03-23 01:02:19,665 INFO exited: TwilioCallNotification (exit status 0; expected)
2022-03-23 01:02:20,671 ERRO pool TwilioCallNotification event buffer overflowed, discarding event 88
2022-03-23 01:02:20,677 INFO spawned: 'TwilioCallNotification' with pid 157601
2022-03-23 01:02:21,680 ERRO pool TwilioCallNotification event buffer overflowed, discarding event 89
2022-03-23 01:02:21,681 INFO success: TwilioCallNotification entered RUNNING state, process has stayed up for > than 1 seconds (startsecs)
2022-03-23 01:02:22,427 WARN TwilioCallNotification: has entered the UNKNOWN state and will no longer receive events, this usually indicates the process violated the eventlistener protocol
2022-03-23 01:02:22,470 ERRO pool TwilioCallNotification event buffer overflowed, discarding event 90
2022-03-23 01:02:22,470 INFO exited: TwilioCallNotification (exit status 0; expected)
2022-03-23 01:02:23,472 ERRO pool TwilioCallNotification event buffer overflowed, discarding event 91
2022-03-23 01:02:23,477 INFO spawned: 'TwilioCallNotification' with pid 157602
2022-03-23 01:02:24,480 ERRO pool TwilioCallNotification event buffer overflowed, discarding event 92
2022-03-23 01:02:24,481 INFO success: TwilioCallNotification entered RUNNING state, process has stayed up for > than 1 seconds (startsecs)
2022-03-23 01:02:25,853 WARN TwilioCallNotification: has entered the UNKNOWN state and will no longer receive events, this usually indicates the process violated the eventlistener protocol
2022-03-23 01:02:25,897 ERRO pool TwilioCallNotification event buffer overflowed, discarding event 93
2022-03-23 01:02:25,898 INFO exited: TwilioCallNotification (exit status 0; expected)
2022-03-23 01:02:26,900 ERRO pool TwilioCallNotification event buffer overflowed, discarding event 94
2022-03-23 01:02:26,905 INFO spawned: 'TwilioCallNotification' with pid 157614
2022-03-23 01:02:27,908 ERRO pool TwilioCallNotification event buffer overflowed, discarding event 95
2022-03-23 01:02:27,909 INFO success: TwilioCallNotification entered RUNNING state, process has stayed up for > than 1 seconds (startsecs)
2022-03-23 01:02:28,453 WARN TwilioCallNotification: has entered the UNKNOWN state and will no longer receive events, this usually indicates the process violated the eventlistener protocol
2022-03-23 01:02:28,492 ERRO pool TwilioCallNotification event buffer overflowed, discarding event 96
2022-03-23 01:02:28,492 INFO exited: TwilioCallNotification (exit status 0; expected)
2022-03-23 01:02:29,496 ERRO pool TwilioCallNotification event buffer overflowed, discarding event 97
2022-03-23 01:02:29,498 INFO spawned: 'TwilioCallNotification' with pid 157615
2022-03-23 01:02:30,503 ERRO pool TwilioCallNotification event buffer overflowed, discarding event 98
2022-03-23 01:02:30,503 INFO success: TwilioCallNotification entered RUNNING state, process has stayed up for > than 1 seconds (startsecs)
2022-03-23 01:02:31,090 WARN TwilioCallNotification: has entered the UNKNOWN state and will no longer receive events, this usually indicates the process violated the eventlistener protocol
2022-03-23 01:02:31,134 ERRO pool TwilioCallNotification event buffer overflowed, discarding event 99
2022-03-23 01:02:31,134 INFO exited: TwilioCallNotification (exit status 0; expected)
2022-03-23 01:02:32,140 ERRO pool TwilioCallNotification event buffer overflowed, discarding event 100
2022-03-23 01:02:32,145 INFO spawned: 'TwilioCallNotification' with pid 157637
2022-03-23 01:02:33,148 ERRO pool TwilioCallNotification event buffer overflowed, discarding event 101
2022-03-23 01:02:33,149 INFO success: TwilioCallNotification entered RUNNING state, process has stayed up for > than 1 seconds (startsecs)
2022-03-23 01:02:33,814 WARN TwilioCallNotification: has entered the UNKNOWN state and will no longer receive events, this usually indicates the process violated the eventlistener protocol
2022-03-23 01:02:33,861 ERRO pool TwilioCallNotification event buffer overflowed, discarding event 102
2022-03-23 01:02:33,861 INFO exited: TwilioCallNotification (exit status 0; expected)
2022-03-23 01:02:34,864 ERRO pool TwilioCallNotification event buffer overflowed, discarding event 103
2022-03-23 01:02:34,870 INFO spawned: 'TwilioCallNotification' with pid 157661
2022-03-23 01:02:35,876 ERRO pool TwilioCallNotification event buffer overflowed, discarding event 104
2022-03-23 01:02:35,876 INFO success: TwilioCallNotification entered RUNNING state, process has stayed up for > than 1 seconds (startsecs)
2022-03-23 01:02:37,032 WARN TwilioCallNotification: has entered the UNKNOWN state and will no longer receive events, this usually indicates the process violated the eventlistener protocol
2022-03-23 01:02:37,081 ERRO pool TwilioCallNotification event buffer overflowed, discarding event 105
2022-03-23 01:02:37,081 INFO exited: TwilioCallNotification (exit status 0; expected)
2022-03-23 01:02:38,087 ERRO pool TwilioCallNotification event buffer overflowed, discarding event 106
2022-03-23 01:02:38,091 INFO spawned: 'TwilioCallNotification' with pid 157662
2022-03-23 01:02:39,096 ERRO pool TwilioCallNotification event buffer overflowed, discarding event 107
2022-03-23 01:02:39,097 INFO success: TwilioCallNotification entered RUNNING state, process has stayed up for > than 1 seconds (startsecs)
2022-03-23 01:02:40,106 WARN TwilioCallNotification: has entered the UNKNOWN state and will no longer receive events, this usually indicates the process violated the eventlistener protocol
2022-03-23 01:02:40,149 ERRO pool TwilioCallNotification event buffer overflowed, discarding event 108
2022-03-23 01:02:40,149 INFO exited: TwilioCallNotification (exit status 0; expected)
2022-03-23 01:02:41,155 ERRO pool TwilioCallNotification event buffer overflowed, discarding event 109
2022-03-23 01:02:41,160 INFO spawned: 'TwilioCallNotification' with pid 157664
2022-03-23 01:02:42,166 ERRO pool TwilioCallNotification event buffer overflowed, discarding event 110
2022-03-23 01:02:42,166 INFO success: TwilioCallNotification entered RUNNING state, process has stayed up for > than 1 seconds (startsecs)
2022-03-23 01:02:43,386 WARN TwilioCallNotification: has entered the UNKNOWN state and will no longer receive events, this usually indicates the process violated the eventlistener protocol
2022-03-23 01:02:43,427 ERRO pool TwilioCallNotification event buffer overflowed, discarding event 111
2022-03-23 01:02:43,427 INFO exited: TwilioCallNotification (exit status 0; expected)
2022-03-23 01:02:44,432 ERRO pool TwilioCallNotification event buffer overflowed, discarding event 112
2022-03-23 01:02:44,438 INFO spawned: 'TwilioCallNotification' with pid 157665
2022-03-23 01:02:45,445 ERRO pool TwilioCallNotification event buffer overflowed, discarding event 113
2022-03-23 01:02:45,445 INFO success: TwilioCallNotification entered RUNNING state, process has stayed up for > than 1 seconds (startsecs)
2022-03-23 01:02:48,089 WARN TwilioCallNotification: has entered the UNKNOWN state and will no longer receive events, this usually indicates the process violated the eventlistener protocol
2022-03-23 01:02:48,129 ERRO pool TwilioCallNotification event buffer overflowed, discarding event 114
2022-03-23 01:02:48,129 INFO exited: TwilioCallNotification (exit status 0; expected)
2022-03-23 01:02:49,132 ERRO pool TwilioCallNotification event buffer overflowed, discarding event 115
2022-03-23 01:02:49,133 INFO spawned: 'TwilioCallNotification' with pid 157667
2022-03-23 01:02:50,136 ERRO pool TwilioCallNotification event buffer overflowed, discarding event 116
2022-03-23 01:02:50,137 INFO success: TwilioCallNotification entered RUNNING state, process has stayed up for > than 1 seconds (startsecs)
2022-03-23 01:02:50,748 WARN TwilioCallNotification: has entered the UNKNOWN state and will no longer receive events, this usually indicates the process violated the eventlistener protocol
2022-03-23 01:02:50,784 ERRO pool TwilioCallNotification event buffer overflowed, discarding event 117
2022-03-23 01:02:50,784 INFO exited: TwilioCallNotification (exit status 0; expected)
2022-03-23 01:02:51,789 ERRO pool TwilioCallNotification event buffer overflowed, discarding event 118
2022-03-23 01:02:51,795 INFO spawned: 'TwilioCallNotification' with pid 157671
2022-03-23 01:02:52,800 ERRO pool TwilioCallNotification event buffer overflowed, discarding event 119
2022-03-23 01:02:52,801 INFO success: TwilioCallNotification entered RUNNING state, process has stayed up for > than 1 seconds (startsecs)
2022-03-23 01:02:53,722 WARN TwilioCallNotification: has entered the UNKNOWN state and will no longer receive events, this usually indicates the process violated the eventlistener protocol
2022-03-23 01:02:53,774 ERRO pool TwilioCallNotification event buffer overflowed, discarding event 120
2022-03-23 01:02:53,774 INFO exited: TwilioCallNotification (exit status 0; expected)
2022-03-23 01:02:54,780 ERRO pool TwilioCallNotification event buffer overflowed, discarding event 121
2022-03-23 01:02:54,785 INFO spawned: 'TwilioCallNotification' with pid 157677
2022-03-23 01:02:55,792 ERRO pool TwilioCallNotification event buffer overflowed, discarding event 122
2022-03-23 01:02:55,793 INFO success: TwilioCallNotification entered RUNNING state, process has stayed up for > than 1 seconds (startsecs)
2022-03-23 01:02:56,439 ERRO pool TwilioCallNotification event buffer overflowed, discarding event 123
2022-03-23 01:02:56,440 ERRO pool TwilioCallNotification event buffer overflowed, discarding event 124
2022-03-23 01:02:56,441 INFO waiting for TwilioCallNotification to stop
2022-03-23 01:02:56,441 INFO waiting for AutoTrader to stop
2022-03-23 01:02:56,451 ERRO pool TwilioCallNotification event buffer overflowed, discarding event 125
2022-03-23 01:02:56,452 INFO stopped: AutoTrader (terminated by SIGTERM)
2022-03-23 01:02:56,453 ERRO pool TwilioCallNotification event buffer overflowed, discarding event 126
2022-03-23 01:02:56,453 INFO stopped: TwilioCallNotification (terminated by SIGTERM)
2022-03-23 01:22:07,381 INFO RPC interface 'supervisor' initialized
2022-03-23 01:22:07,381 CRIT Server 'inet_http_server' running without any HTTP authentication checking
2022-03-23 01:22:07,383 INFO daemonizing the supervisord process
2022-03-23 01:22:07,383 INFO supervisord started with pid 158028
2022-03-23 01:22:08,386 INFO spawned: 'TwilioCallNotification' with pid 158031
2022-03-23 01:22:08,389 INFO spawned: 'AutoTrader' with pid 158032
2022-03-23 01:22:09,692 INFO success: TwilioCallNotification entered RUNNING state, process has stayed up for > than 1 seconds (startsecs)
2022-03-23 01:22:09,692 INFO success: AutoTrader entered RUNNING state, process has stayed up for > than 1 seconds (startsecs)
2022-03-23 01:22:10,134 WARN TwilioCallNotification: has entered the UNKNOWN state and will no longer receive events, this usually indicates the process violated the eventlistener protocol
2022-03-23 01:22:10,221 INFO exited: TwilioCallNotification (exit status 0; expected)
2022-03-23 01:22:11,224 INFO spawned: 'TwilioCallNotification' with pid 158171
2022-03-23 01:22:12,226 INFO success: TwilioCallNotification entered RUNNING state, process has stayed up for > than 1 seconds (startsecs)
2022-03-23 01:22:12,861 WARN TwilioCallNotification: has entered the UNKNOWN state and will no longer receive events, this usually indicates the process violated the eventlistener protocol
2022-03-23 01:22:12,911 INFO exited: TwilioCallNotification (exit status 0; expected)
2022-03-23 01:22:13,917 INFO spawned: 'TwilioCallNotification' with pid 158172
2022-03-23 01:22:15,743 INFO success: TwilioCallNotification entered RUNNING state, process has stayed up for > than 1 seconds (startsecs)
2022-03-23 01:22:17,582 WARN TwilioCallNotification: has entered the UNKNOWN state and will no longer receive events, this usually indicates the process violated the eventlistener protocol
2022-03-23 01:22:17,630 INFO exited: TwilioCallNotification (exit status 0; expected)
2022-03-23 01:22:18,636 INFO spawned: 'TwilioCallNotification' with pid 158177
2022-03-23 01:22:19,639 INFO success: TwilioCallNotification entered RUNNING state, process has stayed up for > than 1 seconds (startsecs)
2022-03-23 01:22:20,545 WARN TwilioCallNotification: has entered the UNKNOWN state and will no longer receive events, this usually indicates the process violated the eventlistener protocol
2022-03-23 01:22:20,595 INFO exited: TwilioCallNotification (exit status 0; expected)
2022-03-23 01:22:21,600 INFO spawned: 'TwilioCallNotification' with pid 158181
2022-03-23 01:22:22,604 INFO success: TwilioCallNotification entered RUNNING state, process has stayed up for > than 1 seconds (startsecs)
2022-03-23 01:22:23,828 WARN TwilioCallNotification: has entered the UNKNOWN state and will no longer receive events, this usually indicates the process violated the eventlistener protocol
2022-03-23 01:22:23,863 INFO exited: TwilioCallNotification (exit status 0; expected)
2022-03-23 01:22:24,869 INFO spawned: 'TwilioCallNotification' with pid 158183
2022-03-23 01:22:25,872 INFO success: TwilioCallNotification entered RUNNING state, process has stayed up for > than 1 seconds (startsecs)
2022-03-23 01:22:26,602 WARN TwilioCallNotification: has entered the UNKNOWN state and will no longer receive events, this usually indicates the process violated the eventlistener protocol
2022-03-23 01:22:26,641 INFO exited: TwilioCallNotification (exit status 0; expected)
2022-03-23 01:22:27,651 INFO spawned: 'TwilioCallNotification' with pid 158184
2022-03-23 01:22:28,658 INFO success: TwilioCallNotification entered RUNNING state, process has stayed up for > than 1 seconds (startsecs)
2022-03-23 01:22:29,846 WARN TwilioCallNotification: has entered the UNKNOWN state and will no longer receive events, this usually indicates the process violated the eventlistener protocol
2022-03-23 01:22:29,902 INFO exited: TwilioCallNotification (exit status 0; expected)
2022-03-23 01:22:30,908 INFO spawned: 'TwilioCallNotification' with pid 158185
2022-03-23 01:22:32,600 INFO success: TwilioCallNotification entered RUNNING state, process has stayed up for > than 1 seconds (startsecs)
2022-03-23 01:22:32,715 WARN TwilioCallNotification: has entered the UNKNOWN state and will no longer receive events, this usually indicates the process violated the eventlistener protocol
2022-03-23 01:22:32,777 INFO exited: TwilioCallNotification (exit status 0; expected)
2022-03-23 01:22:33,674 INFO spawned: 'TwilioCallNotification' with pid 158186
2022-03-23 01:22:34,804 INFO success: TwilioCallNotification entered RUNNING state, process has stayed up for > than 1 seconds (startsecs)
2022-03-23 01:22:35,377 WARN TwilioCallNotification: has entered the UNKNOWN state and will no longer receive events, this usually indicates the process violated the eventlistener protocol
2022-03-23 01:22:35,428 INFO exited: TwilioCallNotification (exit status 0; expected)
2022-03-23 01:22:35,920 INFO spawned: 'TwilioCallNotification' with pid 158193
2022-03-23 01:22:36,927 INFO success: TwilioCallNotification entered RUNNING state, process has stayed up for > than 1 seconds (startsecs)
2022-03-23 01:22:37,545 WARN TwilioCallNotification: has entered the UNKNOWN state and will no longer receive events, this usually indicates the process violated the eventlistener protocol
2022-03-23 01:22:37,590 INFO exited: TwilioCallNotification (exit status 0; expected)
2022-03-23 01:22:38,593 INFO spawned: 'TwilioCallNotification' with pid 158194
2022-03-23 01:22:39,596 INFO success: TwilioCallNotification entered RUNNING state, process has stayed up for > than 1 seconds (startsecs)
2022-03-23 01:22:40,177 WARN TwilioCallNotification: has entered the UNKNOWN state and will no longer receive events, this usually indicates the process violated the eventlistener protocol
2022-03-23 01:22:40,229 ERRO pool TwilioCallNotification event buffer overflowed, discarding event 0
2022-03-23 01:22:40,230 INFO exited: TwilioCallNotification (exit status 0; expected)
2022-03-23 01:22:41,237 INFO spawned: 'TwilioCallNotification' with pid 158196
2022-03-23 01:22:42,240 INFO success: TwilioCallNotification entered RUNNING state, process has stayed up for > than 1 seconds (startsecs)
2022-03-23 01:22:42,865 WARN TwilioCallNotification: has entered the UNKNOWN state and will no longer receive events, this usually indicates the process violated the eventlistener protocol
2022-03-23 01:22:42,900 ERRO pool TwilioCallNotification event buffer overflowed, discarding event 1
2022-03-23 01:22:42,901 INFO exited: TwilioCallNotification (exit status 0; expected)
2022-03-23 01:22:43,908 INFO spawned: 'TwilioCallNotification' with pid 158197
2022-03-23 01:22:44,912 INFO success: TwilioCallNotification entered RUNNING state, process has stayed up for > than 1 seconds (startsecs)
2022-03-23 01:22:45,007 INFO waiting for TwilioCallNotification to stop
2022-03-23 01:22:45,007 INFO waiting for AutoTrader to stop
2022-03-23 01:22:45,017 ERRO pool TwilioCallNotification event buffer overflowed, discarding event 2
2022-03-23 01:22:45,017 INFO stopped: TwilioCallNotification (terminated by SIGTERM)
2022-03-23 01:22:45,018 ERRO pool TwilioCallNotification event buffer overflowed, discarding event 3
2022-03-23 01:22:45,018 INFO stopped: AutoTrader (terminated by SIGTERM)
2022-03-23 01:23:18,459 INFO RPC interface 'supervisor' initialized
2022-03-23 01:23:18,459 CRIT Server 'inet_http_server' running without any HTTP authentication checking
2022-03-23 01:23:18,461 INFO daemonizing the supervisord process
2022-03-23 01:23:18,461 INFO supervisord started with pid 158248
2022-03-23 01:23:19,469 INFO spawned: 'TwilioCallNotification' with pid 158252
2022-03-23 01:23:19,478 INFO spawned: 'AutoTrader' with pid 158253
2022-03-23 01:23:20,821 INFO success: TwilioCallNotification entered RUNNING state, process has stayed up for > than 1 seconds (startsecs)
2022-03-23 01:23:20,822 INFO success: AutoTrader entered RUNNING state, process has stayed up for > than 1 seconds (startsecs)
2022-03-23 01:23:21,794 WARN TwilioCallNotification: has entered the UNKNOWN state and will no longer receive events, this usually indicates the process violated the eventlistener protocol
2022-03-23 01:23:21,899 INFO exited: TwilioCallNotification (exit status 0; expected)
2022-03-23 01:24:10,924 INFO exited: AutoTrader (exit status 1; not expected)
2022-03-23 01:24:11,934 INFO spawned: 'AutoTrader' with pid 158576
2022-03-23 01:24:13,066 INFO success: AutoTrader entered RUNNING state, process has stayed up for > than 1 seconds (startsecs)
2022-03-23 01:25:00,385 INFO exited: AutoTrader (exit status 1; not expected)
2022-03-23 01:25:01,393 INFO spawned: 'AutoTrader' with pid 158747
2022-03-23 01:25:02,520 INFO success: AutoTrader entered RUNNING state, process has stayed up for > than 1 seconds (startsecs)
2022-03-23 01:26:15,366 INFO exited: AutoTrader (exit status 1; not expected)
2022-03-23 01:26:16,376 INFO spawned: 'AutoTrader' with pid 158915
2022-03-23 01:26:17,536 INFO success: AutoTrader entered RUNNING state, process has stayed up for > than 1 seconds (startsecs)
2022-03-23 01:26:31,473 INFO exited: AutoTrader (exit status 1; not expected)
2022-03-23 01:26:32,481 INFO spawned: 'AutoTrader' with pid 159077
2022-03-23 01:26:33,657 INFO success: AutoTrader entered RUNNING state, process has stayed up for > than 1 seconds (startsecs)
2022-03-23 01:26:36,531 INFO waiting for AutoTrader to stop
2022-03-23 01:26:36,533 INFO stopped: AutoTrader (terminated by SIGTERM)
2022-03-23 01:30:18,797 INFO spawned: 'AutoTrader' with pid 159404
2022-03-23 01:30:19,944 INFO success: AutoTrader entered RUNNING state, process has stayed up for > than 1 seconds (startsecs)
2022-03-23 01:30:47,380 INFO waiting for AutoTrader to stop
2022-03-23 01:30:47,382 INFO stopped: AutoTrader (terminated by SIGTERM)
2022-03-23 01:33:03,851 INFO RPC interface 'supervisor' initialized
2022-03-23 01:33:03,851 CRIT Server 'inet_http_server' running without any HTTP authentication checking
2022-03-23 01:33:03,852 INFO daemonizing the supervisord process
2022-03-23 01:33:03,853 INFO supervisord started with pid 159669
2022-03-23 01:33:04,862 INFO spawned: 'TwilioCallNotification' with pid 159673
2022-03-23 01:33:04,872 INFO spawned: 'AutoTrader' with pid 159674
2022-03-23 01:33:06,224 INFO success: TwilioCallNotification entered RUNNING state, process has stayed up for > than 1 seconds (startsecs)
2022-03-23 01:33:06,224 INFO success: AutoTrader entered RUNNING state, process has stayed up for > than 1 seconds (startsecs)
2022-03-23 01:33:06,706 WARN TwilioCallNotification: has entered the UNKNOWN state and will no longer receive events, this usually indicates the process violated the eventlistener protocol
2022-03-23 01:33:06,829 INFO exited: TwilioCallNotification (exit status 0; expected)
2022-03-23 01:35:00,088 INFO exited: AutoTrader (exit status 1; not expected)
2022-03-23 01:35:01,098 INFO spawned: 'AutoTrader' with pid 159957
2022-03-23 01:35:02,261 INFO success: AutoTrader entered RUNNING state, process has stayed up for > than 1 seconds (startsecs)
2022-03-23 01:38:20,894 INFO waiting for AutoTrader to stop
2022-03-23 01:38:20,896 INFO stopped: AutoTrader (terminated by SIGTERM)
2022-03-23 01:44:19,466 INFO spawned: 'TwilioCallNotification' with pid 160783
2022-03-23 01:44:19,479 INFO spawned: 'AutoTrader' with pid 160784
2022-03-23 01:44:19,524 INFO exited: AutoTrader (exit status 1; not expected)
2022-03-23 01:44:20,528 INFO success: TwilioCallNotification entered RUNNING state, process has stayed up for > than 1 seconds (startsecs)
2022-03-23 01:44:20,530 INFO spawned: 'AutoTrader' with pid 160785
2022-03-23 01:44:20,564 INFO exited: AutoTrader (exit status 1; not expected)
2022-03-23 01:44:21,331 WARN TwilioCallNotification: has entered the UNKNOWN state and will no longer receive events, this usually indicates the process violated the eventlistener protocol
2022-03-23 01:44:21,381 INFO exited: TwilioCallNotification (exit status 0; expected)
2022-03-23 01:44:23,393 INFO spawned: 'AutoTrader' with pid 160786
2022-03-23 01:44:23,430 INFO exited: AutoTrader (exit status 1; not expected)
2022-03-23 01:44:26,449 INFO spawned: 'AutoTrader' with pid 160788
2022-03-23 01:44:26,507 INFO exited: AutoTrader (exit status 1; not expected)
2022-03-23 01:44:27,513 INFO gave up: AutoTrader entered FATAL state, too many start retries too quickly
2022-03-23 01:45:24,110 INFO RPC interface 'supervisor' initialized
2022-03-23 01:45:24,110 CRIT Server 'inet_http_server' running without any HTTP authentication checking
2022-03-23 01:45:24,112 INFO daemonizing the supervisord process
2022-03-23 01:45:24,112 INFO supervisord started with pid 160848
2022-03-23 01:45:25,120 INFO spawned: 'TwilioCallNotification' with pid 160851
2022-03-23 01:45:25,129 INFO spawned: 'AutoTrader' with pid 160852
2022-03-23 01:45:25,201 INFO exited: AutoTrader (exit status 1; not expected)
2022-03-23 01:45:26,382 INFO success: TwilioCallNotification entered RUNNING state, process has stayed up for > than 1 seconds (startsecs)
2022-03-23 01:45:26,386 INFO spawned: 'AutoTrader' with pid 160853
2022-03-23 01:45:26,420 INFO exited: AutoTrader (exit status 1; not expected)
2022-03-23 01:45:27,449 WARN TwilioCallNotification: has entered the UNKNOWN state and will no longer receive events, this usually indicates the process violated the eventlistener protocol
2022-03-23 01:45:27,474 INFO exited: TwilioCallNotification (exit status 0; expected)
2022-03-23 01:45:28,485 INFO spawned: 'AutoTrader' with pid 160854
2022-03-23 01:45:28,518 INFO exited: AutoTrader (exit status 1; not expected)
2022-03-23 01:45:31,538 INFO spawned: 'AutoTrader' with pid 160856
2022-03-23 01:45:31,606 INFO exited: AutoTrader (exit status 1; not expected)
2022-03-23 01:45:32,612 INFO gave up: AutoTrader entered FATAL state, too many start retries too quickly
2022-03-23 01:59:01,735 INFO RPC interface 'supervisor' initialized
2022-03-23 01:59:01,735 CRIT Server 'inet_http_server' running without any HTTP authentication checking
2022-03-23 01:59:01,737 INFO daemonizing the supervisord process
2022-03-23 01:59:01,737 INFO supervisord started with pid 161541
2022-03-23 01:59:02,745 INFO spawned: 'TwilioCallNotification' with pid 161544
2022-03-23 01:59:02,757 INFO spawned: 'AutoTrader' with pid 161545
2022-03-23 01:59:03,006 INFO exited: TwilioCallNotification (exit status 2; not expected)
2022-03-23 01:59:04,122 INFO spawned: 'TwilioCallNotification' with pid 161662
2022-03-23 01:59:04,122 INFO success: AutoTrader entered RUNNING state, process has stayed up for > than 1 seconds (startsecs)
2022-03-23 01:59:04,132 INFO exited: TwilioCallNotification (exit status 2; not expected)
2022-03-23 01:59:06,137 INFO spawned: 'TwilioCallNotification' with pid 161685
2022-03-23 01:59:06,144 INFO exited: TwilioCallNotification (exit status 2; not expected)
2022-03-23 01:59:09,169 INFO spawned: 'TwilioCallNotification' with pid 161701
2022-03-23 01:59:09,437 INFO exited: TwilioCallNotification (exit status 2; not expected)
2022-03-23 01:59:10,439 INFO gave up: TwilioCallNotification entered FATAL state, too many start retries too quickly
2022-03-23 01:59:28,408 INFO exited: AutoTrader (exit status 1; not expected)
2022-03-23 01:59:29,419 INFO spawned: 'AutoTrader' with pid 161706
2022-03-23 01:59:30,548 INFO success: AutoTrader entered RUNNING state, process has stayed up for > than 1 seconds (startsecs)
2022-03-23 01:59:53,991 INFO exited: AutoTrader (exit status 1; not expected)
2022-03-23 01:59:55,001 INFO spawned: 'AutoTrader' with pid 161852
2022-03-23 01:59:56,160 INFO success: AutoTrader entered RUNNING state, process has stayed up for > than 1 seconds (startsecs)
2022-03-23 02:00:19,473 INFO exited: AutoTrader (exit status 1; not expected)
2022-03-23 02:00:20,483 INFO spawned: 'AutoTrader' with pid 162063
2022-03-23 02:00:21,760 INFO success: AutoTrader entered RUNNING state, process has stayed up for > than 1 seconds (startsecs)
2022-03-23 02:00:49,742 INFO exited: AutoTrader (exit status 1; not expected)
2022-03-23 02:00:50,747 INFO spawned: 'AutoTrader' with pid 162222
2022-03-23 02:00:51,904 INFO success: AutoTrader entered RUNNING state, process has stayed up for > than 1 seconds (startsecs)
2022-03-23 02:00:57,844 INFO exited: AutoTrader (exit status 1; not expected)
2022-03-23 02:00:58,852 INFO spawned: 'AutoTrader' with pid 162370
2022-03-23 02:01:00,012 INFO success: AutoTrader entered RUNNING state, process has stayed up for > than 1 seconds (startsecs)
2022-03-23 02:01:09,535 INFO waiting for AutoTrader to stop
2022-03-23 02:01:09,545 INFO stopped: AutoTrader (terminated by SIGTERM)
2022-03-23 02:01:46,604 INFO RPC interface 'supervisor' initialized
2022-03-23 02:01:46,605 CRIT Server 'inet_http_server' running without any HTTP authentication checking
2022-03-23 02:01:46,606 INFO daemonizing the supervisord process
2022-03-23 02:01:46,607 INFO supervisord started with pid 162557
2022-03-23 02:01:47,615 INFO spawned: 'TwilioCallNotification' with pid 162560
2022-03-23 02:01:47,625 INFO spawned: 'AutoTrader' with pid 162561
2022-03-23 02:01:47,637 INFO exited: TwilioCallNotification (exit status 2; not expected)
2022-03-23 02:01:48,874 INFO spawned: 'TwilioCallNotification' with pid 162691
2022-03-23 02:01:48,878 INFO success: AutoTrader entered RUNNING state, process has stayed up for > than 1 seconds (startsecs)
2022-03-23 02:01:48,882 INFO exited: TwilioCallNotification (exit status 2; not expected)
2022-03-23 02:01:50,886 INFO spawned: 'TwilioCallNotification' with pid 162699
2022-03-23 02:01:50,891 INFO exited: TwilioCallNotification (exit status 2; not expected)
2022-03-23 02:01:53,901 INFO spawned: 'TwilioCallNotification' with pid 162701
2022-03-23 02:01:53,919 INFO exited: TwilioCallNotification (exit status 2; not expected)
2022-03-23 02:01:54,851 INFO gave up: TwilioCallNotification entered FATAL state, too many start retries too quickly
2022-03-23 02:02:13,222 INFO exited: AutoTrader (exit status 1; not expected)
2022-03-23 02:02:14,228 INFO spawned: 'AutoTrader' with pid 162711
2022-03-23 02:02:15,408 INFO success: AutoTrader entered RUNNING state, process has stayed up for > than 1 seconds (startsecs)
2022-03-23 02:02:30,566 INFO waiting for AutoTrader to stop
2022-03-23 02:02:30,575 INFO stopped: AutoTrader (terminated by SIGTERM)
2022-03-23 02:04:35,814 INFO RPC interface 'supervisor' initialized
2022-03-23 02:04:35,815 CRIT Server 'inet_http_server' running without any HTTP authentication checking
2022-03-23 02:04:35,816 INFO daemonizing the supervisord process
2022-03-23 02:04:35,817 INFO supervisord started with pid 162953
2022-03-23 02:04:36,823 INFO spawned: 'TwilioCallNotification' with pid 162956
2022-03-23 02:04:36,826 INFO spawned: 'AutoTrader' with pid 162957
2022-03-23 02:04:36,829 INFO exited: TwilioCallNotification (exit status 2; not expected)
2022-03-23 02:04:36,861 INFO exited: AutoTrader (exit status 1; not expected)
2022-03-23 02:04:38,055 INFO spawned: 'TwilioCallNotification' with pid 162958
2022-03-23 02:04:38,057 INFO spawned: 'AutoTrader' with pid 162959
2022-03-23 02:04:38,060 INFO exited: TwilioCallNotification (exit status 2; not expected)
2022-03-23 02:04:38,091 INFO exited: AutoTrader (exit status 1; not expected)
2022-03-23 02:04:40,098 INFO spawned: 'TwilioCallNotification' with pid 162960
2022-03-23 02:04:40,101 INFO spawned: 'AutoTrader' with pid 162961
2022-03-23 02:04:40,104 INFO exited: TwilioCallNotification (exit status 2; not expected)
2022-03-23 02:04:40,137 INFO exited: AutoTrader (exit status 1; not expected)
2022-03-23 02:04:43,144 INFO spawned: 'TwilioCallNotification' with pid 162965
2022-03-23 02:04:43,152 INFO spawned: 'AutoTrader' with pid 162966
2022-03-23 02:04:43,162 INFO exited: TwilioCallNotification (exit status 2; not expected)
2022-03-23 02:04:43,164 INFO gave up: TwilioCallNotification entered FATAL state, too many start retries too quickly
2022-03-23 02:04:43,240 INFO exited: AutoTrader (exit status 1; not expected)
2022-03-23 02:04:44,242 INFO gave up: AutoTrader entered FATAL state, too many start retries too quickly
2022-03-23 02:05:30,262 INFO RPC interface 'supervisor' initialized
2022-03-23 02:05:30,263 CRIT Server 'inet_http_server' running without any HTTP authentication checking
2022-03-23 02:05:30,264 INFO daemonizing the supervisord process
2022-03-23 02:05:30,265 INFO supervisord started with pid 163001
2022-03-23 02:05:31,273 INFO spawned: 'TwilioCallNotification' with pid 163004
2022-03-23 02:05:31,282 INFO spawned: 'AutoTrader' with pid 163005
2022-03-23 02:05:31,353 INFO exited: AutoTrader (exit status 1; not expected)
2022-03-23 02:05:32,554 INFO success: TwilioCallNotification entered RUNNING state, process has stayed up for > than 1 seconds (startsecs)
2022-03-23 02:05:32,556 INFO spawned: 'AutoTrader' with pid 163007
2022-03-23 02:05:32,592 INFO exited: AutoTrader (exit status 1; not expected)
2022-03-23 02:05:34,599 INFO spawned: 'AutoTrader' with pid 163009
2022-03-23 02:05:34,633 INFO exited: AutoTrader (exit status 1; not expected)
2022-03-23 02:05:36,146 WARN TwilioCallNotification: has entered the UNKNOWN state and will no longer receive events, this usually indicates the process violated the eventlistener protocol
2022-03-23 02:05:36,194 INFO exited: TwilioCallNotification (exit status 0; expected)
2022-03-23 02:05:38,201 INFO spawned: 'AutoTrader' with pid 163010
2022-03-23 02:05:38,268 INFO exited: AutoTrader (exit status 1; not expected)
2022-03-23 02:05:39,270 INFO gave up: AutoTrader entered FATAL state, too many start retries too quickly
2022-03-23 02:06:55,245 INFO RPC interface 'supervisor' initialized
2022-03-23 02:06:55,245 CRIT Server 'inet_http_server' running without any HTTP authentication checking
2022-03-23 02:06:55,247 INFO daemonizing the supervisord process
2022-03-23 02:06:55,247 INFO supervisord started with pid 163048
2022-03-23 02:06:56,256 INFO spawned: 'TwilioCallNotification' with pid 163051
2022-03-23 02:06:56,265 INFO spawned: 'AutoTrader' with pid 163052
2022-03-23 02:06:57,588 INFO success: TwilioCallNotification entered RUNNING state, process has stayed up for > than 1 seconds (startsecs)
2022-03-23 02:06:57,588 INFO success: AutoTrader entered RUNNING state, process has stayed up for > than 1 seconds (startsecs)
2022-03-23 02:06:58,107 WARN TwilioCallNotification: has entered the UNKNOWN state and will no longer receive events, this usually indicates the process violated the eventlistener protocol
2022-03-23 02:06:58,222 INFO exited: TwilioCallNotification (exit status 0; expected)
2022-03-23 02:08:46,414 INFO waiting for AutoTrader to stop
2022-03-23 02:08:46,417 INFO stopped: AutoTrader (terminated by SIGTERM)
2022-03-23 02:10:01,959 INFO RPC interface 'supervisor' initialized
2022-03-23 02:10:01,959 CRIT Server 'inet_http_server' running without any HTTP authentication checking
2022-03-23 02:10:01,961 INFO daemonizing the supervisord process
2022-03-23 02:10:01,961 INFO supervisord started with pid 163407
2022-03-23 02:10:02,969 INFO spawned: 'TwilioCallNotification' with pid 163410
2022-03-23 02:10:02,979 INFO spawned: 'AutoTrader' with pid 163411
2022-03-23 02:10:04,302 INFO success: TwilioCallNotification entered RUNNING state, process has stayed up for > than 1 seconds (startsecs)
2022-03-23 02:10:04,302 INFO success: AutoTrader entered RUNNING state, process has stayed up for > than 1 seconds (startsecs)
2022-03-23 02:10:04,774 WARN TwilioCallNotification: has entered the UNKNOWN state and will no longer receive events, this usually indicates the process violated the eventlistener protocol
2022-03-23 02:10:04,877 INFO exited: TwilioCallNotification (exit status 0; expected)
2022-03-23 02:10:05,885 INFO spawned: 'TwilioCallNotification' with pid 163545
2022-03-23 02:10:06,889 INFO success: TwilioCallNotification entered RUNNING state, process has stayed up for > than 1 seconds (startsecs)
2022-03-23 02:10:08,582 WARN TwilioCallNotification: has entered the UNKNOWN state and will no longer receive events, this usually indicates the process violated the eventlistener protocol
2022-03-23 02:10:08,632 INFO exited: TwilioCallNotification (exit status 0; expected)
2022-03-23 02:10:09,635 INFO spawned: 'TwilioCallNotification' with pid 163546
2022-03-23 02:10:10,636 INFO success: TwilioCallNotification entered RUNNING state, process has stayed up for > than 1 seconds (startsecs)
2022-03-23 02:10:11,173 WARN TwilioCallNotification: has entered the UNKNOWN state and will no longer receive events, this usually indicates the process violated the eventlistener protocol
2022-03-23 02:10:11,260 INFO exited: TwilioCallNotification (exit status 0; expected)
2022-03-23 02:10:12,266 INFO spawned: 'TwilioCallNotification' with pid 163550
2022-03-23 02:10:14,006 WARN TwilioCallNotification: has entered the UNKNOWN state and will no longer receive events, this usually indicates the process violated the eventlistener protocol
2022-03-23 02:10:14,007 INFO success: TwilioCallNotification entered RUNNING state, process has stayed up for > than 1 seconds (startsecs)
2022-03-23 02:10:14,051 INFO exited: TwilioCallNotification (exit status 0; expected)
2022-03-23 02:10:15,058 INFO spawned: 'TwilioCallNotification' with pid 163556
2022-03-23 02:10:16,062 INFO success: TwilioCallNotification entered RUNNING state, process has stayed up for > than 1 seconds (startsecs)
2022-03-23 02:10:16,861 WARN TwilioCallNotification: has entered the UNKNOWN state and will no longer receive events, this usually indicates the process violated the eventlistener protocol
2022-03-23 02:10:16,894 INFO exited: TwilioCallNotification (exit status 0; expected)
2022-03-23 02:10:17,902 INFO spawned: 'TwilioCallNotification' with pid 163558
2022-03-23 02:10:18,905 INFO success: TwilioCallNotification entered RUNNING state, process has stayed up for > than 1 seconds (startsecs)
2022-03-23 02:10:19,780 WARN TwilioCallNotification: has entered the UNKNOWN state and will no longer receive events, this usually indicates the process violated the eventlistener protocol
2022-03-23 02:10:19,861 INFO exited: TwilioCallNotification (exit status 0; expected)
2022-03-23 02:10:20,868 INFO spawned: 'TwilioCallNotification' with pid 163561
2022-03-23 02:10:22,405 WARN TwilioCallNotification: has entered the UNKNOWN state and will no longer receive events, this usually indicates the process violated the eventlistener protocol
2022-03-23 02:10:22,406 INFO success: TwilioCallNotification entered RUNNING state, process has stayed up for > than 1 seconds (startsecs)
2022-03-23 02:10:22,456 INFO exited: TwilioCallNotification (exit status 0; expected)
2022-03-23 02:10:23,465 INFO spawned: 'TwilioCallNotification' with pid 163563
2022-03-23 02:10:24,468 INFO success: TwilioCallNotification entered RUNNING state, process has stayed up for > than 1 seconds (startsecs)
2022-03-23 02:10:25,632 WARN TwilioCallNotification: has entered the UNKNOWN state and will no longer receive events, this usually indicates the process violated the eventlistener protocol
2022-03-23 02:10:25,683 INFO exited: TwilioCallNotification (exit status 0; expected)
2022-03-23 02:10:26,685 INFO spawned: 'TwilioCallNotification' with pid 163564
2022-03-23 02:10:28,570 INFO success: TwilioCallNotification entered RUNNING state, process has stayed up for > than 1 seconds (startsecs)
2022-03-23 02:10:28,753 WARN TwilioCallNotification: has entered the UNKNOWN state and will no longer receive events, this usually indicates the process violated the eventlistener protocol
2022-03-23 02:10:28,777 INFO exited: TwilioCallNotification (exit status 0; expected)
2022-03-23 02:10:29,619 INFO spawned: 'TwilioCallNotification' with pid 163565
2022-03-23 02:10:30,837 INFO success: TwilioCallNotification entered RUNNING state, process has stayed up for > than 1 seconds (startsecs)
2022-03-23 02:10:31,662 WARN TwilioCallNotification: has entered the UNKNOWN state and will no longer receive events, this usually indicates the process violated the eventlistener protocol
2022-03-23 02:10:31,717 INFO exited: TwilioCallNotification (exit status 0; expected)
2022-03-23 02:10:31,929 INFO spawned: 'TwilioCallNotification' with pid 163566
2022-03-23 02:10:32,936 INFO success: TwilioCallNotification entered RUNNING state, process has stayed up for > than 1 seconds (startsecs)
2022-03-23 02:10:33,799 WARN TwilioCallNotification: has entered the UNKNOWN state and will no longer receive events, this usually indicates the process violated the eventlistener protocol
2022-03-23 02:10:33,846 ERRO pool TwilioCallNotification event buffer overflowed, discarding event 0
2022-03-23 02:10:33,846 INFO exited: TwilioCallNotification (exit status 0; expected)
2022-03-23 02:10:34,855 INFO spawned: 'TwilioCallNotification' with pid 163571
2022-03-23 02:10:35,863 INFO success: TwilioCallNotification entered RUNNING state, process has stayed up for > than 1 seconds (startsecs)
2022-03-23 02:10:36,711 WARN TwilioCallNotification: has entered the UNKNOWN state and will no longer receive events, this usually indicates the process violated the eventlistener protocol
2022-03-23 02:10:36,735 ERRO pool TwilioCallNotification event buffer overflowed, discarding event 1
2022-03-23 02:10:36,735 INFO exited: TwilioCallNotification (exit status 0; expected)
2022-03-23 02:10:37,745 INFO spawned: 'TwilioCallNotification' with pid 163572
2022-03-23 02:10:38,748 INFO success: TwilioCallNotification entered RUNNING state, process has stayed up for > than 1 seconds (startsecs)
2022-03-23 02:10:39,445 WARN TwilioCallNotification: has entered the UNKNOWN state and will no longer receive events, this usually indicates the process violated the eventlistener protocol
2022-03-23 02:10:39,496 ERRO pool TwilioCallNotification event buffer overflowed, discarding event 2
2022-03-23 02:10:39,496 INFO exited: TwilioCallNotification (exit status 0; expected)
2022-03-23 02:10:40,506 INFO spawned: 'TwilioCallNotification' with pid 163574
2022-03-23 02:10:41,512 INFO success: TwilioCallNotification entered RUNNING state, process has stayed up for > than 1 seconds (startsecs)
2022-03-23 02:10:42,175 WARN TwilioCallNotification: has entered the UNKNOWN state and will no longer receive events, this usually indicates the process violated the eventlistener protocol
2022-03-23 02:10:42,222 ERRO pool TwilioCallNotification event buffer overflowed, discarding event 3
2022-03-23 02:10:42,222 INFO exited: TwilioCallNotification (exit status 0; expected)
2022-03-23 02:10:43,230 INFO spawned: 'TwilioCallNotification' with pid 163575
2022-03-23 02:10:44,715 INFO success: TwilioCallNotification entered RUNNING state, process has stayed up for > than 1 seconds (startsecs)
2022-03-23 02:10:45,186 WARN TwilioCallNotification: has entered the UNKNOWN state and will no longer receive events, this usually indicates the process violated the eventlistener protocol
2022-03-23 02:10:45,237 ERRO pool TwilioCallNotification event buffer overflowed, discarding event 4
2022-03-23 02:10:45,237 INFO exited: TwilioCallNotification (exit status 0; expected)
2022-03-23 02:10:46,086 INFO spawned: 'TwilioCallNotification' with pid 163576
2022-03-23 02:10:47,103 INFO success: TwilioCallNotification entered RUNNING state, process has stayed up for > than 1 seconds (startsecs)
2022-03-23 02:10:47,828 WARN TwilioCallNotification: has entered the UNKNOWN state and will no longer receive events, this usually indicates the process violated the eventlistener protocol
2022-03-23 02:10:47,851 ERRO pool TwilioCallNotification event buffer overflowed, discarding event 5
2022-03-23 02:10:47,851 INFO exited: TwilioCallNotification (exit status 0; expected)
2022-03-23 02:10:48,862 INFO spawned: 'TwilioCallNotification' with pid 163577
2022-03-23 02:10:50,815 INFO success: TwilioCallNotification entered RUNNING state, process has stayed up for > than 1 seconds (startsecs)
2022-03-23 02:10:55,883 WARN TwilioCallNotification: has entered the UNKNOWN state and will no longer receive events, this usually indicates the process violated the eventlistener protocol
2022-03-23 02:10:55,923 ERRO pool TwilioCallNotification event buffer overflowed, discarding event 6
2022-03-23 02:10:55,923 INFO exited: TwilioCallNotification (exit status 0; expected)
2022-03-23 02:10:56,932 INFO spawned: 'TwilioCallNotification' with pid 163590
2022-03-23 02:10:57,940 INFO success: TwilioCallNotification entered RUNNING state, process has stayed up for > than 1 seconds (startsecs)
2022-03-23 02:10:58,689 WARN TwilioCallNotification: has entered the UNKNOWN state and will no longer receive events, this usually indicates the process violated the eventlistener protocol
2022-03-23 02:10:58,712 ERRO pool TwilioCallNotification event buffer overflowed, discarding event 7
2022-03-23 02:10:58,712 INFO exited: TwilioCallNotification (exit status 0; expected)
2022-03-23 02:10:59,723 INFO spawned: 'TwilioCallNotification' with pid 163591
2022-03-23 02:11:00,952 INFO success: TwilioCallNotification entered RUNNING state, process has stayed up for > than 1 seconds (startsecs)
2022-03-23 02:11:00,958 ERRO pool TwilioCallNotification event buffer overflowed, discarding event 8
2022-03-23 02:11:00,958 INFO stopped: AutoTrader (terminated by SIGTERM)
2022-03-23 02:11:00,958 INFO waiting for TwilioCallNotification to stop
2022-03-23 02:11:00,959 ERRO pool TwilioCallNotification event buffer overflowed, discarding event 9
2022-03-23 02:11:00,959 INFO stopped: TwilioCallNotification (terminated by SIGTERM)
2022-03-23 23:46:32,102 INFO RPC interface 'supervisor' initialized
2022-03-23 23:46:32,103 CRIT Server 'inet_http_server' running without any HTTP authentication checking
2022-03-23 23:46:32,104 INFO daemonizing the supervisord process
2022-03-23 23:46:32,105 INFO supervisord started with pid 17657
2022-03-23 23:46:33,113 INFO spawned: 'AutoTrader' with pid 17661
2022-03-23 23:46:34,367 INFO success: AutoTrader entered RUNNING state, process has stayed up for > than 1 seconds (startsecs)
2022-03-23 23:48:10,101 INFO exited: AutoTrader (exit status 1; not expected)
2022-03-23 23:48:11,111 INFO spawned: 'AutoTrader' with pid 17876
2022-03-23 23:48:12,257 INFO success: AutoTrader entered RUNNING state, process has stayed up for > than 1 seconds (startsecs)
2022-03-24 01:26:10,782 INFO exited: AutoTrader (exit status 1; not expected)
2022-03-24 01:26:11,793 INFO spawned: 'AutoTrader' with pid 19252
2022-03-24 01:26:12,937 INFO success: AutoTrader entered RUNNING state, process has stayed up for > than 1 seconds (startsecs)
2022-03-24 01:27:32,810 INFO exited: AutoTrader (exit status 1; not expected)
2022-03-24 01:27:33,814 INFO spawned: 'AutoTrader' with pid 19416
2022-03-24 01:27:34,961 INFO success: AutoTrader entered RUNNING state, process has stayed up for > than 1 seconds (startsecs)
2022-03-24 01:28:03,397 INFO exited: AutoTrader (exit status 1; not expected)
2022-03-24 01:28:04,407 INFO spawned: 'AutoTrader' with pid 19568
2022-03-24 01:28:05,585 INFO success: AutoTrader entered RUNNING state, process has stayed up for > than 1 seconds (startsecs)
2022-03-24 01:28:38,611 INFO exited: AutoTrader (exit status 1; not expected)
2022-03-24 01:28:39,621 INFO spawned: 'AutoTrader' with pid 19731
2022-03-24 01:28:40,797 INFO success: AutoTrader entered RUNNING state, process has stayed up for > than 1 seconds (startsecs)
2022-03-24 01:29:02,366 INFO exited: AutoTrader (exit status 1; not expected)
2022-03-24 01:29:03,374 INFO spawned: 'AutoTrader' with pid 19894
2022-03-24 01:29:04,525 INFO success: AutoTrader entered RUNNING state, process has stayed up for > than 1 seconds (startsecs)
2022-03-24 01:30:02,545 INFO exited: AutoTrader (exit status 1; not expected)
2022-03-24 01:30:03,552 INFO spawned: 'AutoTrader' with pid 20171
2022-03-24 01:30:04,702 INFO success: AutoTrader entered RUNNING state, process has stayed up for > than 1 seconds (startsecs)
2022-03-24 01:31:12,690 INFO exited: AutoTrader (exit status 1; not expected)
2022-03-24 01:31:13,698 INFO spawned: 'AutoTrader' with pid 20490
2022-03-24 01:31:14,893 INFO success: AutoTrader entered RUNNING state, process has stayed up for > than 1 seconds (startsecs)
2022-03-24 02:37:11,368 INFO exited: AutoTrader (exit status 1; not expected)
2022-03-24 02:37:12,378 INFO spawned: 'AutoTrader' with pid 21680
2022-03-24 02:37:13,621 INFO success: AutoTrader entered RUNNING state, process has stayed up for > than 1 seconds (startsecs)
2022-03-24 02:37:48,159 INFO exited: AutoTrader (exit status 1; not expected)
2022-03-24 02:37:49,170 INFO spawned: 'AutoTrader' with pid 21817
2022-03-24 02:37:50,354 INFO success: AutoTrader entered RUNNING state, process has stayed up for > than 1 seconds (startsecs)
2022-03-24 02:38:19,119 INFO exited: AutoTrader (exit status 1; not expected)
2022-03-24 02:38:20,130 INFO spawned: 'AutoTrader' with pid 21977
2022-03-24 02:38:21,309 INFO success: AutoTrader entered RUNNING state, process has stayed up for > than 1 seconds (startsecs)
2022-03-24 02:39:00,245 INFO exited: AutoTrader (exit status 1; not expected)
2022-03-24 02:39:01,251 INFO spawned: 'AutoTrader' with pid 22207
2022-03-24 02:39:02,429 INFO success: AutoTrader entered RUNNING state, process has stayed up for > than 1 seconds (startsecs)
2022-03-24 12:08:13,035 INFO exited: AutoTrader (exit status 1; not expected)
2022-03-24 12:08:14,043 INFO spawned: 'AutoTrader' with pid 44117
2022-03-24 12:08:15,213 INFO success: AutoTrader entered RUNNING state, process has stayed up for > than 1 seconds (startsecs)
2022-03-24 12:43:01,807 INFO exited: AutoTrader (exit status 1; not expected)
2022-03-24 12:43:02,814 INFO spawned: 'AutoTrader' with pid 45868
2022-03-24 12:43:04,013 INFO success: AutoTrader entered RUNNING state, process has stayed up for > than 1 seconds (startsecs)
2022-03-24 12:43:13,875 INFO exited: AutoTrader (exit status 1; not expected)
2022-03-24 12:43:14,883 INFO spawned: 'AutoTrader' with pid 46018
2022-03-24 12:43:16,081 INFO success: AutoTrader entered RUNNING state, process has stayed up for > than 1 seconds (startsecs)
2022-03-24 14:05:10,969 INFO exited: AutoTrader (exit status 1; not expected)
2022-03-24 14:05:11,978 INFO spawned: 'AutoTrader' with pid 53172
2022-03-24 14:05:13,149 INFO success: AutoTrader entered RUNNING state, process has stayed up for > than 1 seconds (startsecs)
2022-03-24 14:14:10,304 INFO exited: AutoTrader (exit status 1; not expected)
2022-03-24 14:14:11,313 INFO spawned: 'AutoTrader' with pid 53540
2022-03-24 14:14:12,497 INFO success: AutoTrader entered RUNNING state, process has stayed up for > than 1 seconds (startsecs)
2022-03-24 14:41:14,880 INFO exited: AutoTrader (exit status 1; not expected)
2022-03-24 14:41:15,891 INFO spawned: 'AutoTrader' with pid 54782
2022-03-24 14:41:17,060 INFO success: AutoTrader entered RUNNING state, process has stayed up for > than 1 seconds (startsecs)
2022-03-24 14:41:58,201 INFO exited: AutoTrader (exit status 1; not expected)
2022-03-24 14:41:59,211 INFO spawned: 'AutoTrader' with pid 54982
2022-03-24 14:42:00,385 INFO success: AutoTrader entered RUNNING state, process has stayed up for > than 1 seconds (startsecs)
2022-03-24 17:41:14,283 INFO exited: AutoTrader (exit status 1; not expected)
2022-03-24 17:41:15,294 INFO spawned: 'AutoTrader' with pid 65822
2022-03-24 17:41:16,477 INFO success: AutoTrader entered RUNNING state, process has stayed up for > than 1 seconds (startsecs)
2022-03-24 17:41:28,193 INFO exited: AutoTrader (exit status 1; not expected)
2022-03-24 17:41:29,203 INFO spawned: 'AutoTrader' with pid 65982
2022-03-24 17:41:30,469 INFO success: AutoTrader entered RUNNING state, process has stayed up for > than 1 seconds (startsecs)
